[0.237s] DEBUG:colcon:Command line arguments: ['/usr/bin/colcon', 'build']
[0.237s] DEBUG:colcon:Parsed command line arguments: Namespace(log_base=None, log_level=None, verb_name='build', build_base='build', install_base='install', merge_install=False, symlink_install=False, test_result_base=None, continue_on_error=False, executor='parallel', parallel_workers=4, event_handlers=None, ignore_user_meta=False, metas=['./colcon.meta'], base_paths=['.'], packages_ignore=None, packages_ignore_regex=None, paths=None, packages_up_to=None, packages_up_to_regex=None, packages_above=None, packages_above_and_dependencies=None, packages_above_depth=None, packages_select_by_dep=None, packages_skip_by_dep=None, packages_skip_up_to=None, packages_select_build_failed=False, packages_skip_build_finished=False, packages_select_test_failures=False, packages_skip_test_passed=False, packages_select=None, packages_skip=None, packages_select_regex=None, packages_skip_regex=None, packages_start=None, packages_end=None, allow_overriding=[], cmake_args=None, cmake_target=None, cmake_target_skip_unavailable=False, cmake_clean_cache=False, cmake_clean_first=False, cmake_force_configure=False, ament_cmake_args=None, catkin_cmake_args=None, catkin_skip_building_tests=False, mixin_files=None, mixin=None, verb_parser=<colcon_mixin.mixin.mixin_argument.MixinArgumentDecorator object at 0x7b84c977bd70>, verb_extension=<colcon_core.verb.build.BuildVerb object at 0x7b84c977ba10>, main=<bound method BuildVerb.main of <colcon_core.verb.build.BuildVerb object at 0x7b84c977ba10>>, mixin_verb=('build',))
[0.435s] Level 1:colcon.colcon_core.package_discovery:discover_packages(colcon_meta) check parameters
[0.435s] Level 1:colcon.colcon_core.package_discovery:discover_packages(recursive) check parameters
[0.435s] Level 1:colcon.colcon_core.package_discovery:discover_packages(ignore) check parameters
[0.435s] Level 1:colcon.colcon_core.package_discovery:discover_packages(path) check parameters
[0.435s] Level 1:colcon.colcon_core.package_discovery:discover_packages(colcon_meta) discover
[0.435s] Level 1:colcon.colcon_core.package_discovery:discover_packages(recursive) discover
[0.435s] INFO:colcon.colcon_core.package_discovery:Crawling recursively for packages in '/home/admin/bumperbot_ws/src'
[0.435s] Level 1:colcon.colcon_core.package_identification:_identify(.) by extensions ['ignore', 'ignore_ament_install']
[0.435s] Level 1:colcon.colcon_core.package_identification:_identify(.) by extension 'ignore'
[0.435s] Level 1:colcon.colcon_core.package_identification:_identify(.) by extension 'ignore_ament_install'
[0.435s] Level 1:colcon.colcon_core.package_identification:_identify(.) by extensions ['colcon_pkg']
[0.435s] Level 1:colcon.colcon_core.package_identification:_identify(.) by extension 'colcon_pkg'
[0.436s] Level 1:colcon.colcon_core.package_identification:_identify(.) by extensions ['colcon_meta']
[0.436s] Level 1:colcon.colcon_core.package_identification:_identify(.) by extension 'colcon_meta'
[0.436s] Level 1:colcon.colcon_core.package_identification:_identify(.) by extensions ['ros']
[0.436s] Level 1:colcon.colcon_core.package_identification:_identify(.) by extension 'ros'
[0.458s] Level 1:colcon.colcon_core.package_identification:_identify(.) by extensions ['cmake', 'python']
[0.458s] Level 1:colcon.colcon_core.package_identification:_identify(.) by extension 'cmake'
[0.458s] Level 1:colcon.colcon_core.package_identification:_identify(.) by extension 'python'
[0.458s] Level 1:colcon.colcon_core.package_identification:_identify(.) by extensions ['python_setup_py']
[0.458s] Level 1:colcon.colcon_core.package_identification:_identify(.) by extension 'python_setup_py'
[0.458s] Level 1:colcon.colcon_core.package_identification:_identify(build) by extensions ['ignore', 'ignore_ament_install']
[0.458s] Level 1:colcon.colcon_core.package_identification:_identify(build) by extension 'ignore'
[0.458s] Level 1:colcon.colcon_core.package_identification:_identify(build) ignored
[0.458s] Level 1:colcon.colcon_core.package_identification:_identify(bumperbot_controller) by extensions ['ignore', 'ignore_ament_install']
[0.458s] Level 1:colcon.colcon_core.package_identification:_identify(bumperbot_controller) by extension 'ignore'
[0.458s] Level 1:colcon.colcon_core.package_identification:_identify(bumperbot_controller) by extension 'ignore_ament_install'
[0.458s] Level 1:colcon.colcon_core.package_identification:_identify(bumperbot_controller) by extensions ['colcon_pkg']
[0.458s] Level 1:colcon.colcon_core.package_identification:_identify(bumperbot_controller) by extension 'colcon_pkg'
[0.458s] Level 1:colcon.colcon_core.package_identification:_identify(bumperbot_controller) by extensions ['colcon_meta']
[0.458s] Level 1:colcon.colcon_core.package_identification:_identify(bumperbot_controller) by extension 'colcon_meta'
[0.459s] Level 1:colcon.colcon_core.package_identification:_identify(bumperbot_controller) by extensions ['ros']
[0.459s] Level 1:colcon.colcon_core.package_identification:_identify(bumperbot_controller) by extension 'ros'
[0.487s] DEBUG:colcon.colcon_core.package_identification:Package 'bumperbot_controller' with type 'ros.ament_cmake' and name 'bumperbot_controller'
[0.487s] Level 1:colcon.colcon_core.package_identification:_identify(bumperbot_cpp_examples) by extensions ['ignore', 'ignore_ament_install']
[0.487s] Level 1:colcon.colcon_core.package_identification:_identify(bumperbot_cpp_examples) by extension 'ignore'
[0.487s] Level 1:colcon.colcon_core.package_identification:_identify(bumperbot_cpp_examples) by extension 'ignore_ament_install'
[0.487s] Level 1:colcon.colcon_core.package_identification:_identify(bumperbot_cpp_examples) by extensions ['colcon_pkg']
[0.487s] Level 1:colcon.colcon_core.package_identification:_identify(bumperbot_cpp_examples) by extension 'colcon_pkg'
[0.487s] Level 1:colcon.colcon_core.package_identification:_identify(bumperbot_cpp_examples) by extensions ['colcon_meta']
[0.487s] Level 1:colcon.colcon_core.package_identification:_identify(bumperbot_cpp_examples) by extension 'colcon_meta'
[0.487s] Level 1:colcon.colcon_core.package_identification:_identify(bumperbot_cpp_examples) by extensions ['ros']
[0.487s] Level 1:colcon.colcon_core.package_identification:_identify(bumperbot_cpp_examples) by extension 'ros'
[0.502s] DEBUG:colcon.colcon_core.package_identification:Package 'bumperbot_cpp_examples' with type 'ros.ament_cmake' and name 'bumperbot_cpp_examples'
[0.503s] Level 1:colcon.colcon_core.package_identification:_identify(bumperbot_description) by extensions ['ignore', 'ignore_ament_install']
[0.503s] Level 1:colcon.colcon_core.package_identification:_identify(bumperbot_description) by extension 'ignore'
[0.503s] Level 1:colcon.colcon_core.package_identification:_identify(bumperbot_description) by extension 'ignore_ament_install'
[0.503s] Level 1:colcon.colcon_core.package_identification:_identify(bumperbot_description) by extensions ['colcon_pkg']
[0.503s] Level 1:colcon.colcon_core.package_identification:_identify(bumperbot_description) by extension 'colcon_pkg'
[0.503s] Level 1:colcon.colcon_core.package_identification:_identify(bumperbot_description) by extensions ['colcon_meta']
[0.503s] Level 1:colcon.colcon_core.package_identification:_identify(bumperbot_description) by extension 'colcon_meta'
[0.503s] Level 1:colcon.colcon_core.package_identification:_identify(bumperbot_description) by extensions ['ros']
[0.503s] Level 1:colcon.colcon_core.package_identification:_identify(bumperbot_description) by extension 'ros'
[0.523s] DEBUG:colcon.colcon_core.package_identification:Package 'bumperbot_description' with type 'ros.ament_cmake' and name 'bumperbot_description'
[0.524s] Level 1:colcon.colcon_core.package_identification:_identify(bumperbot_py_examples) by extensions ['ignore', 'ignore_ament_install']
[0.524s] Level 1:colcon.colcon_core.package_identification:_identify(bumperbot_py_examples) by extension 'ignore'
[0.524s] Level 1:colcon.colcon_core.package_identification:_identify(bumperbot_py_examples) by extension 'ignore_ament_install'
[0.524s] Level 1:colcon.colcon_core.package_identification:_identify(bumperbot_py_examples) by extensions ['colcon_pkg']
[0.524s] Level 1:colcon.colcon_core.package_identification:_identify(bumperbot_py_examples) by extension 'colcon_pkg'
[0.524s] Level 1:colcon.colcon_core.package_identification:_identify(bumperbot_py_examples) by extensions ['colcon_meta']
[0.524s] Level 1:colcon.colcon_core.package_identification:_identify(bumperbot_py_examples) by extension 'colcon_meta'
[0.524s] Level 1:colcon.colcon_core.package_identification:_identify(bumperbot_py_examples) by extensions ['ros']
[0.524s] Level 1:colcon.colcon_core.package_identification:_identify(bumperbot_py_examples) by extension 'ros'
[0.535s] DEBUG:colcon.colcon_core.package_identification:Package 'bumperbot_py_examples' with type 'ros.ament_python' and name 'bumperbot_py_examples'
[0.535s] Level 1:colcon.colcon_core.package_identification:_identify(install) by extensions ['ignore', 'ignore_ament_install']
[0.535s] Level 1:colcon.colcon_core.package_identification:_identify(install) by extension 'ignore'
[0.535s] Level 1:colcon.colcon_core.package_identification:_identify(install) ignored
[0.535s] Level 1:colcon.colcon_core.package_identification:_identify(log) by extensions ['ignore', 'ignore_ament_install']
[0.535s] Level 1:colcon.colcon_core.package_identification:_identify(log) by extension 'ignore'
[0.535s] Level 1:colcon.colcon_core.package_identification:_identify(log) ignored
[0.535s] Level 1:colcon.colcon_core.package_discovery:discover_packages(recursive) using defaults
[0.535s] Level 1:colcon.colcon_core.package_discovery:discover_packages(ignore) discover
[0.535s] Level 1:colcon.colcon_core.package_discovery:discover_packages(ignore) using defaults
[0.535s] Level 1:colcon.colcon_core.package_discovery:discover_packages(path) discover
[0.535s] Level 1:colcon.colcon_core.package_discovery:discover_packages(path) using defaults
[0.622s] Level 1:colcon.colcon_core.package_discovery:discover_packages(prefix_path) check parameters
[0.622s] Level 1:colcon.colcon_core.package_discovery:discover_packages(prefix_path) discover
[0.629s] DEBUG:colcon.colcon_installed_package_information.package_discovery:Found 381 installed packages in /opt/ros/jazzy
[0.630s] Level 1:colcon.colcon_core.package_discovery:discover_packages(prefix_path) using defaults
[0.694s] Level 5:colcon.colcon_core.verb:set package 'bumperbot_controller' build argument 'cmake_args' from command line to 'None'
[0.694s] Level 5:colcon.colcon_core.verb:set package 'bumperbot_controller' build argument 'cmake_target' from command line to 'None'
[0.694s] Level 5:colcon.colcon_core.verb:set package 'bumperbot_controller' build argument 'cmake_target_skip_unavailable' from command line to 'False'
[0.694s] Level 5:colcon.colcon_core.verb:set package 'bumperbot_controller' build argument 'cmake_clean_cache' from command line to 'False'
[0.694s] Level 5:colcon.colcon_core.verb:set package 'bumperbot_controller' build argument 'cmake_clean_first' from command line to 'False'
[0.694s] Level 5:colcon.colcon_core.verb:set package 'bumperbot_controller' build argument 'cmake_force_configure' from command line to 'False'
[0.694s] Level 5:colcon.colcon_core.verb:set package 'bumperbot_controller' build argument 'ament_cmake_args' from command line to 'None'
[0.694s] Level 5:colcon.colcon_core.verb:set package 'bumperbot_controller' build argument 'catkin_cmake_args' from command line to 'None'
[0.694s] Level 5:colcon.colcon_core.verb:set package 'bumperbot_controller' build argument 'catkin_skip_building_tests' from command line to 'False'
[0.694s] DEBUG:colcon.colcon_core.verb:Building package 'bumperbot_controller' with the following arguments: {'ament_cmake_args': None, 'build_base': '/home/admin/bumperbot_ws/src/build/bumperbot_controller', 'catkin_cmake_args': None, 'catkin_skip_building_tests': False, 'cmake_args': None, 'cmake_clean_cache': False, 'cmake_clean_first': False, 'cmake_force_configure': False, 'cmake_target': None, 'cmake_target_skip_unavailable': False, 'install_base': '/home/admin/bumperbot_ws/src/install/bumperbot_controller', 'merge_install': False, 'path': '/home/admin/bumperbot_ws/src/bumperbot_controller', 'symlink_install': False, 'test_result_base': None}
[0.695s] Level 5:colcon.colcon_core.verb:set package 'bumperbot_cpp_examples' build argument 'cmake_args' from command line to 'None'
[0.695s] Level 5:colcon.colcon_core.verb:set package 'bumperbot_cpp_examples' build argument 'cmake_target' from command line to 'None'
[0.695s] Level 5:colcon.colcon_core.verb:set package 'bumperbot_cpp_examples' build argument 'cmake_target_skip_unavailable' from command line to 'False'
[0.695s] Level 5:colcon.colcon_core.verb:set package 'bumperbot_cpp_examples' build argument 'cmake_clean_cache' from command line to 'False'
[0.695s] Level 5:colcon.colcon_core.verb:set package 'bumperbot_cpp_examples' build argument 'cmake_clean_first' from command line to 'False'
[0.695s] Level 5:colcon.colcon_core.verb:set package 'bumperbot_cpp_examples' build argument 'cmake_force_configure' from command line to 'False'
[0.695s] Level 5:colcon.colcon_core.verb:set package 'bumperbot_cpp_examples' build argument 'ament_cmake_args' from command line to 'None'
[0.695s] Level 5:colcon.colcon_core.verb:set package 'bumperbot_cpp_examples' build argument 'catkin_cmake_args' from command line to 'None'
[0.695s] Level 5:colcon.colcon_core.verb:set package 'bumperbot_cpp_examples' build argument 'catkin_skip_building_tests' from command line to 'False'
[0.695s] DEBUG:colcon.colcon_core.verb:Building package 'bumperbot_cpp_examples' with the following arguments: {'ament_cmake_args': None, 'build_base': '/home/admin/bumperbot_ws/src/build/bumperbot_cpp_examples', 'catkin_cmake_args': None, 'catkin_skip_building_tests': False, 'cmake_args': None, 'cmake_clean_cache': False, 'cmake_clean_first': False, 'cmake_force_configure': False, 'cmake_target': None, 'cmake_target_skip_unavailable': False, 'install_base': '/home/admin/bumperbot_ws/src/install/bumperbot_cpp_examples', 'merge_install': False, 'path': '/home/admin/bumperbot_ws/src/bumperbot_cpp_examples', 'symlink_install': False, 'test_result_base': None}
[0.695s] Level 5:colcon.colcon_core.verb:set package 'bumperbot_description' build argument 'cmake_args' from command line to 'None'
[0.695s] Level 5:colcon.colcon_core.verb:set package 'bumperbot_description' build argument 'cmake_target' from command line to 'None'
[0.695s] Level 5:colcon.colcon_core.verb:set package 'bumperbot_description' build argument 'cmake_target_skip_unavailable' from command line to 'False'
[0.695s] Level 5:colcon.colcon_core.verb:set package 'bumperbot_description' build argument 'cmake_clean_cache' from command line to 'False'
[0.695s] Level 5:colcon.colcon_core.verb:set package 'bumperbot_description' build argument 'cmake_clean_first' from command line to 'False'
[0.695s] Level 5:colcon.colcon_core.verb:set package 'bumperbot_description' build argument 'cmake_force_configure' from command line to 'False'
[0.695s] Level 5:colcon.colcon_core.verb:set package 'bumperbot_description' build argument 'ament_cmake_args' from command line to 'None'
[0.695s] Level 5:colcon.colcon_core.verb:set package 'bumperbot_description' build argument 'catkin_cmake_args' from command line to 'None'
[0.695s] Level 5:colcon.colcon_core.verb:set package 'bumperbot_description' build argument 'catkin_skip_building_tests' from command line to 'False'
[0.695s] DEBUG:colcon.colcon_core.verb:Building package 'bumperbot_description' with the following arguments: {'ament_cmake_args': None, 'build_base': '/home/admin/bumperbot_ws/src/build/bumperbot_description', 'catkin_cmake_args': None, 'catkin_skip_building_tests': False, 'cmake_args': None, 'cmake_clean_cache': False, 'cmake_clean_first': False, 'cmake_force_configure': False, 'cmake_target': None, 'cmake_target_skip_unavailable': False, 'install_base': '/home/admin/bumperbot_ws/src/install/bumperbot_description', 'merge_install': False, 'path': '/home/admin/bumperbot_ws/src/bumperbot_description', 'symlink_install': False, 'test_result_base': None}
[0.695s] Level 5:colcon.colcon_core.verb:set package 'bumperbot_py_examples' build argument 'cmake_args' from command line to 'None'
[0.695s] Level 5:colcon.colcon_core.verb:set package 'bumperbot_py_examples' build argument 'cmake_target' from command line to 'None'
[0.695s] Level 5:colcon.colcon_core.verb:set package 'bumperbot_py_examples' build argument 'cmake_target_skip_unavailable' from command line to 'False'
[0.695s] Level 5:colcon.colcon_core.verb:set package 'bumperbot_py_examples' build argument 'cmake_clean_cache' from command line to 'False'
[0.695s] Level 5:colcon.colcon_core.verb:set package 'bumperbot_py_examples' build argument 'cmake_clean_first' from command line to 'False'
[0.695s] Level 5:colcon.colcon_core.verb:set package 'bumperbot_py_examples' build argument 'cmake_force_configure' from command line to 'False'
[0.695s] Level 5:colcon.colcon_core.verb:set package 'bumperbot_py_examples' build argument 'ament_cmake_args' from command line to 'None'
[0.695s] Level 5:colcon.colcon_core.verb:set package 'bumperbot_py_examples' build argument 'catkin_cmake_args' from command line to 'None'
[0.695s] Level 5:colcon.colcon_core.verb:set package 'bumperbot_py_examples' build argument 'catkin_skip_building_tests' from command line to 'False'
[0.695s] DEBUG:colcon.colcon_core.verb:Building package 'bumperbot_py_examples' with the following arguments: {'ament_cmake_args': None, 'build_base': '/home/admin/bumperbot_ws/src/build/bumperbot_py_examples', 'catkin_cmake_args': None, 'catkin_skip_building_tests': False, 'cmake_args': None, 'cmake_clean_cache': False, 'cmake_clean_first': False, 'cmake_force_configure': False, 'cmake_target': None, 'cmake_target_skip_unavailable': False, 'install_base': '/home/admin/bumperbot_ws/src/install/bumperbot_py_examples', 'merge_install': False, 'path': '/home/admin/bumperbot_ws/src/bumperbot_py_examples', 'symlink_install': False, 'test_result_base': None}
[0.696s] INFO:colcon.colcon_core.executor:Executing jobs using 'parallel' executor
[0.697s] DEBUG:colcon.colcon_parallel_executor.executor.parallel:run_until_complete
[0.697s] INFO:colcon.colcon_ros.task.ament_cmake.build:Building ROS package in '/home/admin/bumperbot_ws/src/bumperbot_controller' with build type 'ament_cmake'
[0.697s] INFO:colcon.colcon_cmake.task.cmake.build:Building CMake package in '/home/admin/bumperbot_ws/src/bumperbot_controller'
[0.702s] INFO:colcon.colcon_core.plugin_system:Skipping extension 'colcon_core.shell.bat': Not used on non-Windows systems
[0.703s] INFO:colcon.colcon_core.shell:Skip shell extension 'powershell' for command environment: Not usable outside of PowerShell
[0.703s] DEBUG:colcon.colcon_core.shell:Skip shell extension 'dsv' for command environment
[0.717s] INFO:colcon.colcon_ros.task.ament_cmake.build:Building ROS package in '/home/admin/bumperbot_ws/src/bumperbot_cpp_examples' with build type 'ament_cmake'
[0.717s] INFO:colcon.colcon_cmake.task.cmake.build:Building CMake package in '/home/admin/bumperbot_ws/src/bumperbot_cpp_examples'
[0.717s] INFO:colcon.colcon_core.shell:Skip shell extension 'powershell' for command environment: Not usable outside of PowerShell
[0.717s] DEBUG:colcon.colcon_core.shell:Skip shell extension 'dsv' for command environment
[0.721s] INFO:colcon.colcon_ros.task.ament_cmake.build:Building ROS package in '/home/admin/bumperbot_ws/src/bumperbot_description' with build type 'ament_cmake'
[0.721s] INFO:colcon.colcon_cmake.task.cmake.build:Building CMake package in '/home/admin/bumperbot_ws/src/bumperbot_description'
[0.721s] INFO:colcon.colcon_core.shell:Skip shell extension 'powershell' for command environment: Not usable outside of PowerShell
[0.722s] DEBUG:colcon.colcon_core.shell:Skip shell extension 'dsv' for command environment
[0.725s] INFO:colcon.colcon_ros.task.ament_python.build:Building ROS package in '/home/admin/bumperbot_ws/src/bumperbot_py_examples' with build type 'ament_python'
[0.725s] Level 1:colcon.colcon_core.shell:create_environment_hook('bumperbot_py_examples', 'ament_prefix_path')
[0.726s] INFO:colcon.colcon_core.shell:Creating environment hook '/home/admin/bumperbot_ws/src/install/bumperbot_py_examples/share/bumperbot_py_examples/hook/ament_prefix_path.ps1'
[0.736s] INFO:colcon.colcon_core.shell:Creating environment descriptor '/home/admin/bumperbot_ws/src/install/bumperbot_py_examples/share/bumperbot_py_examples/hook/ament_prefix_path.dsv'
[0.737s] INFO:colcon.colcon_core.shell:Creating environment hook '/home/admin/bumperbot_ws/src/install/bumperbot_py_examples/share/bumperbot_py_examples/hook/ament_prefix_path.sh'
[0.738s] INFO:colcon.colcon_core.shell:Skip shell extension 'powershell' for command environment: Not usable outside of PowerShell
[0.738s] DEBUG:colcon.colcon_core.shell:Skip shell extension 'dsv' for command environment
[0.749s] DEBUG:colcon.colcon_core.event_handler.log_command:Invoking command in '/home/admin/bumperbot_ws/src/build/bumperbot_controller': CMAKE_PREFIX_PATH=${CMAKE_PREFIX_PATH}:/opt/ros/jazzy DEBUGINFOD_URLS=https://debuginfod.ubuntu.com /usr/bin/cmake /home/admin/bumperbot_ws/src/bumperbot_controller -DCMAKE_INSTALL_PREFIX=/home/admin/bumperbot_ws/src/install/bumperbot_controller
[0.750s] DEBUG:colcon.colcon_core.event_handler.log_command:Invoking command in '/home/admin/bumperbot_ws/src/build/bumperbot_cpp_examples': CMAKE_PREFIX_PATH=${CMAKE_PREFIX_PATH}:/opt/ros/jazzy DEBUGINFOD_URLS=https://debuginfod.ubuntu.com /usr/bin/cmake /home/admin/bumperbot_ws/src/bumperbot_cpp_examples -DCMAKE_INSTALL_PREFIX=/home/admin/bumperbot_ws/src/install/bumperbot_cpp_examples
[0.752s] DEBUG:colcon.colcon_core.event_handler.log_command:Invoking command in '/home/admin/bumperbot_ws/src/build/bumperbot_description': CMAKE_PREFIX_PATH=${CMAKE_PREFIX_PATH}:/opt/ros/jazzy DEBUGINFOD_URLS=https://debuginfod.ubuntu.com /usr/bin/cmake /home/admin/bumperbot_ws/src/bumperbot_description -DCMAKE_INSTALL_PREFIX=/home/admin/bumperbot_ws/src/install/bumperbot_description
[0.996s] INFO:colcon.colcon_core.task.python.build:Building Python package in '/home/admin/bumperbot_ws/src/bumperbot_py_examples'
[0.996s] INFO:colcon.colcon_core.shell:Skip shell extension 'powershell' for command environment: Not usable outside of PowerShell
[0.997s] DEBUG:colcon.colcon_core.shell:Skip shell extension 'dsv' for command environment
[4.544s] DEBUG:colcon.colcon_core.event_handler.log_command:Invoked command in '/home/admin/bumperbot_ws/src/build/bumperbot_description' returned '0': CMAKE_PREFIX_PATH=${CMAKE_PREFIX_PATH}:/opt/ros/jazzy DEBUGINFOD_URLS=https://debuginfod.ubuntu.com /usr/bin/cmake /home/admin/bumperbot_ws/src/bumperbot_description -DCMAKE_INSTALL_PREFIX=/home/admin/bumperbot_ws/src/install/bumperbot_description
[4.544s] DEBUG:colcon.colcon_core.event_handler.log_command:Invoking command in '/home/admin/bumperbot_ws/src/build/bumperbot_description': CMAKE_PREFIX_PATH=${CMAKE_PREFIX_PATH}:/opt/ros/jazzy DEBUGINFOD_URLS=https://debuginfod.ubuntu.com /usr/bin/cmake --build /home/admin/bumperbot_ws/src/build/bumperbot_description -- -j4 -l4
[4.549s] DEBUG:colcon.colcon_core.event_handler.log_command:Invoked command in '/home/admin/bumperbot_ws/src/build/bumperbot_controller' returned '0': CMAKE_PREFIX_PATH=${CMAKE_PREFIX_PATH}:/opt/ros/jazzy DEBUGINFOD_URLS=https://debuginfod.ubuntu.com /usr/bin/cmake /home/admin/bumperbot_ws/src/bumperbot_controller -DCMAKE_INSTALL_PREFIX=/home/admin/bumperbot_ws/src/install/bumperbot_controller
[4.549s] DEBUG:colcon.colcon_core.event_handler.log_command:Invoking command in '/home/admin/bumperbot_ws/src/build/bumperbot_controller': CMAKE_PREFIX_PATH=${CMAKE_PREFIX_PATH}:/opt/ros/jazzy DEBUGINFOD_URLS=https://debuginfod.ubuntu.com /usr/bin/cmake --build /home/admin/bumperbot_ws/src/build/bumperbot_controller -- -j4 -l4
[4.602s] DEBUG:colcon.colcon_core.event_handler.log_command:Invoked command in '/home/admin/bumperbot_ws/src/build/bumperbot_controller' returned '0': CMAKE_PREFIX_PATH=${CMAKE_PREFIX_PATH}:/opt/ros/jazzy DEBUGINFOD_URLS=https://debuginfod.ubuntu.com /usr/bin/cmake --build /home/admin/bumperbot_ws/src/build/bumperbot_controller -- -j4 -l4
[4.616s] DEBUG:colcon.colcon_core.event_handler.log_command:Invoking command in '/home/admin/bumperbot_ws/src/build/bumperbot_controller': CMAKE_PREFIX_PATH=${CMAKE_PREFIX_PATH}:/opt/ros/jazzy DEBUGINFOD_URLS=https://debuginfod.ubuntu.com /usr/bin/cmake --install /home/admin/bumperbot_ws/src/build/bumperbot_controller
[4.618s] DEBUG:colcon.colcon_core.event_handler.log_command:Invoked command in '/home/admin/bumperbot_ws/src/build/bumperbot_description' returned '0': CMAKE_PREFIX_PATH=${CMAKE_PREFIX_PATH}:/opt/ros/jazzy DEBUGINFOD_URLS=https://debuginfod.ubuntu.com /usr/bin/cmake --build /home/admin/bumperbot_ws/src/build/bumperbot_description -- -j4 -l4
[4.618s] DEBUG:colcon.colcon_core.event_handler.log_command:Invoking command in '/home/admin/bumperbot_ws/src/build/bumperbot_description': CMAKE_PREFIX_PATH=${CMAKE_PREFIX_PATH}:/opt/ros/jazzy DEBUGINFOD_URLS=https://debuginfod.ubuntu.com /usr/bin/cmake --install /home/admin/bumperbot_ws/src/build/bumperbot_description
[4.633s] Level 1:colcon.colcon_core.environment:create_environment_scripts_only(bumperbot_controller)
[4.635s] DEBUG:colcon.colcon_core.event_handler.log_command:Invoked command in '/home/admin/bumperbot_ws/src/build/bumperbot_controller' returned '0': CMAKE_PREFIX_PATH=${CMAKE_PREFIX_PATH}:/opt/ros/jazzy DEBUGINFOD_URLS=https://debuginfod.ubuntu.com /usr/bin/cmake --install /home/admin/bumperbot_ws/src/build/bumperbot_controller
[4.706s] Level 1:colcon.colcon_core.environment:checking '/home/admin/bumperbot_ws/src/install/bumperbot_controller' for CMake module files
[4.706s] Level 1:colcon.colcon_core.environment:checking '/home/admin/bumperbot_ws/src/install/bumperbot_controller' for CMake config files
[4.706s] Level 1:colcon.colcon_core.shell:create_environment_hook('bumperbot_controller', 'cmake_prefix_path')
[4.707s] INFO:colcon.colcon_core.shell:Creating environment hook '/home/admin/bumperbot_ws/src/install/bumperbot_controller/share/bumperbot_controller/hook/cmake_prefix_path.ps1'
[4.707s] INFO:colcon.colcon_core.shell:Creating environment descriptor '/home/admin/bumperbot_ws/src/install/bumperbot_controller/share/bumperbot_controller/hook/cmake_prefix_path.dsv'
[4.707s] INFO:colcon.colcon_core.shell:Creating environment hook '/home/admin/bumperbot_ws/src/install/bumperbot_controller/share/bumperbot_controller/hook/cmake_prefix_path.sh'
[4.708s] Level 1:colcon.colcon_core.environment:checking '/home/admin/bumperbot_ws/src/install/bumperbot_controller/bin'
[4.708s] Level 1:colcon.colcon_core.environment:checking '/home/admin/bumperbot_ws/src/install/bumperbot_controller/lib/pkgconfig/bumperbot_controller.pc'
[4.708s] Level 1:colcon.colcon_core.environment:checking '/home/admin/bumperbot_ws/src/install/bumperbot_controller/lib/python3.12/site-packages'
[4.708s] Level 1:colcon.colcon_core.environment:checking '/home/admin/bumperbot_ws/src/install/bumperbot_controller/bin'
[4.708s] INFO:colcon.colcon_core.shell:Creating package script '/home/admin/bumperbot_ws/src/install/bumperbot_controller/share/bumperbot_controller/package.ps1'
[4.716s] INFO:colcon.colcon_core.shell:Creating package descriptor '/home/admin/bumperbot_ws/src/install/bumperbot_controller/share/bumperbot_controller/package.dsv'
[4.732s] INFO:colcon.colcon_core.shell:Creating package script '/home/admin/bumperbot_ws/src/install/bumperbot_controller/share/bumperbot_controller/package.sh'
[4.743s] INFO:colcon.colcon_core.shell:Creating package script '/home/admin/bumperbot_ws/src/install/bumperbot_controller/share/bumperbot_controller/package.bash'
[4.758s] INFO:colcon.colcon_core.shell:Creating package script '/home/admin/bumperbot_ws/src/install/bumperbot_controller/share/bumperbot_controller/package.zsh'
[4.763s] Level 1:colcon.colcon_core.environment:create_file_with_runtime_dependencies(/home/admin/bumperbot_ws/src/install/bumperbot_controller/share/colcon-core/packages/bumperbot_controller)
[4.764s] Level 1:colcon.colcon_core.environment:create_environment_scripts_only(bumperbot_controller)
[4.764s] Level 1:colcon.colcon_core.environment:checking '/home/admin/bumperbot_ws/src/install/bumperbot_controller' for CMake module files
[4.765s] Level 1:colcon.colcon_core.environment:checking '/home/admin/bumperbot_ws/src/install/bumperbot_controller' for CMake config files
[4.765s] Level 1:colcon.colcon_core.shell:create_environment_hook('bumperbot_controller', 'cmake_prefix_path')
[4.765s] INFO:colcon.colcon_core.shell:Creating environment hook '/home/admin/bumperbot_ws/src/install/bumperbot_controller/share/bumperbot_controller/hook/cmake_prefix_path.ps1'
[4.765s] INFO:colcon.colcon_core.shell:Creating environment descriptor '/home/admin/bumperbot_ws/src/install/bumperbot_controller/share/bumperbot_controller/hook/cmake_prefix_path.dsv'
[4.766s] INFO:colcon.colcon_core.shell:Creating environment hook '/home/admin/bumperbot_ws/src/install/bumperbot_controller/share/bumperbot_controller/hook/cmake_prefix_path.sh'
[4.766s] Level 1:colcon.colcon_core.environment:checking '/home/admin/bumperbot_ws/src/install/bumperbot_controller/bin'
[4.766s] Level 1:colcon.colcon_core.environment:checking '/home/admin/bumperbot_ws/src/install/bumperbot_controller/lib/pkgconfig/bumperbot_controller.pc'
[4.766s] Level 1:colcon.colcon_core.environment:checking '/home/admin/bumperbot_ws/src/install/bumperbot_controller/lib/python3.12/site-packages'
[4.767s] Level 1:colcon.colcon_core.environment:checking '/home/admin/bumperbot_ws/src/install/bumperbot_controller/bin'
[4.767s] INFO:colcon.colcon_core.shell:Creating package script '/home/admin/bumperbot_ws/src/install/bumperbot_controller/share/bumperbot_controller/package.ps1'
[4.767s] INFO:colcon.colcon_core.shell:Creating package descriptor '/home/admin/bumperbot_ws/src/install/bumperbot_controller/share/bumperbot_controller/package.dsv'
[4.768s] INFO:colcon.colcon_core.shell:Creating package script '/home/admin/bumperbot_ws/src/install/bumperbot_controller/share/bumperbot_controller/package.sh'
[4.768s] INFO:colcon.colcon_core.shell:Creating package script '/home/admin/bumperbot_ws/src/install/bumperbot_controller/share/bumperbot_controller/package.bash'
[4.768s] INFO:colcon.colcon_core.shell:Creating package script '/home/admin/bumperbot_ws/src/install/bumperbot_controller/share/bumperbot_controller/package.zsh'
[4.769s] Level 1:colcon.colcon_core.environment:create_file_with_runtime_dependencies(/home/admin/bumperbot_ws/src/install/bumperbot_controller/share/colcon-core/packages/bumperbot_controller)
[4.981s] DEBUG:colcon.colcon_core.event_handler.log_command:Invoking command in '/home/admin/bumperbot_ws/src/bumperbot_py_examples': DEBUGINFOD_URLS=https://debuginfod.ubuntu.com PYTHONPATH=/home/admin/bumperbot_ws/src/build/bumperbot_py_examples/prefix_override:/usr/lib/python3/dist-packages/colcon_core/task/python/colcon_distutils_commands:/home/admin/bumperbot_ws/src/install/bumperbot_py_examples/lib/python3.12/site-packages:${PYTHONPATH} /usr/bin/python3 -W ignore:setup.py install is deprecated -W ignore:easy_install command is deprecated setup.py egg_info --egg-base ../build/bumperbot_py_examples build --build-base /home/admin/bumperbot_ws/src/build/bumperbot_py_examples/build install --record /home/admin/bumperbot_ws/src/build/bumperbot_py_examples/install.log --single-version-externally-managed install_data
[5.137s] Level 1:colcon.colcon_core.environment:create_environment_scripts_only(bumperbot_description)
[5.137s] DEBUG:colcon.colcon_core.event_handler.log_command:Invoked command in '/home/admin/bumperbot_ws/src/build/bumperbot_description' returned '0': CMAKE_PREFIX_PATH=${CMAKE_PREFIX_PATH}:/opt/ros/jazzy DEBUGINFOD_URLS=https://debuginfod.ubuntu.com /usr/bin/cmake --install /home/admin/bumperbot_ws/src/build/bumperbot_description
[5.137s] Level 1:colcon.colcon_core.environment:checking '/home/admin/bumperbot_ws/src/install/bumperbot_description' for CMake module files
[5.138s] Level 1:colcon.colcon_core.environment:checking '/home/admin/bumperbot_ws/src/install/bumperbot_description' for CMake config files
[5.138s] Level 1:colcon.colcon_core.shell:create_environment_hook('bumperbot_description', 'cmake_prefix_path')
[5.138s] INFO:colcon.colcon_core.shell:Creating environment hook '/home/admin/bumperbot_ws/src/install/bumperbot_description/share/bumperbot_description/hook/cmake_prefix_path.ps1'
[5.139s] INFO:colcon.colcon_core.shell:Creating environment descriptor '/home/admin/bumperbot_ws/src/install/bumperbot_description/share/bumperbot_description/hook/cmake_prefix_path.dsv'
[5.139s] INFO:colcon.colcon_core.shell:Creating environment hook '/home/admin/bumperbot_ws/src/install/bumperbot_description/share/bumperbot_description/hook/cmake_prefix_path.sh'
[5.140s] Level 1:colcon.colcon_core.environment:checking '/home/admin/bumperbot_ws/src/install/bumperbot_description/bin'
[5.140s] Level 1:colcon.colcon_core.environment:checking '/home/admin/bumperbot_ws/src/install/bumperbot_description/lib/pkgconfig/bumperbot_description.pc'
[5.140s] Level 1:colcon.colcon_core.environment:checking '/home/admin/bumperbot_ws/src/install/bumperbot_description/lib/python3.12/site-packages'
[5.140s] Level 1:colcon.colcon_core.environment:checking '/home/admin/bumperbot_ws/src/install/bumperbot_description/bin'
[5.140s] INFO:colcon.colcon_core.shell:Creating package script '/home/admin/bumperbot_ws/src/install/bumperbot_description/share/bumperbot_description/package.ps1'
[5.141s] INFO:colcon.colcon_core.shell:Creating package descriptor '/home/admin/bumperbot_ws/src/install/bumperbot_description/share/bumperbot_description/package.dsv'
[5.141s] INFO:colcon.colcon_core.shell:Creating package script '/home/admin/bumperbot_ws/src/install/bumperbot_description/share/bumperbot_description/package.sh'
[5.141s] INFO:colcon.colcon_core.shell:Creating package script '/home/admin/bumperbot_ws/src/install/bumperbot_description/share/bumperbot_description/package.bash'
[5.141s] INFO:colcon.colcon_core.shell:Creating package script '/home/admin/bumperbot_ws/src/install/bumperbot_description/share/bumperbot_description/package.zsh'
[5.142s] Level 1:colcon.colcon_core.environment:create_file_with_runtime_dependencies(/home/admin/bumperbot_ws/src/install/bumperbot_description/share/colcon-core/packages/bumperbot_description)
[5.142s] Level 1:colcon.colcon_core.environment:create_environment_scripts_only(bumperbot_description)
[5.142s] Level 1:colcon.colcon_core.environment:checking '/home/admin/bumperbot_ws/src/install/bumperbot_description' for CMake module files
[5.143s] Level 1:colcon.colcon_core.environment:checking '/home/admin/bumperbot_ws/src/install/bumperbot_description' for CMake config files
[5.143s] Level 1:colcon.colcon_core.shell:create_environment_hook('bumperbot_description', 'cmake_prefix_path')
[5.143s] INFO:colcon.colcon_core.shell:Creating environment hook '/home/admin/bumperbot_ws/src/install/bumperbot_description/share/bumperbot_description/hook/cmake_prefix_path.ps1'
[5.143s] INFO:colcon.colcon_core.shell:Creating environment descriptor '/home/admin/bumperbot_ws/src/install/bumperbot_description/share/bumperbot_description/hook/cmake_prefix_path.dsv'
[5.144s] INFO:colcon.colcon_core.shell:Creating environment hook '/home/admin/bumperbot_ws/src/install/bumperbot_description/share/bumperbot_description/hook/cmake_prefix_path.sh'
[5.144s] Level 1:colcon.colcon_core.environment:checking '/home/admin/bumperbot_ws/src/install/bumperbot_description/bin'
[5.144s] Level 1:colcon.colcon_core.environment:checking '/home/admin/bumperbot_ws/src/install/bumperbot_description/lib/pkgconfig/bumperbot_description.pc'
[5.144s] Level 1:colcon.colcon_core.environment:checking '/home/admin/bumperbot_ws/src/install/bumperbot_description/lib/python3.12/site-packages'
[5.145s] Level 1:colcon.colcon_core.environment:checking '/home/admin/bumperbot_ws/src/install/bumperbot_description/bin'
[5.145s] INFO:colcon.colcon_core.shell:Creating package script '/home/admin/bumperbot_ws/src/install/bumperbot_description/share/bumperbot_description/package.ps1'
[5.145s] INFO:colcon.colcon_core.shell:Creating package descriptor '/home/admin/bumperbot_ws/src/install/bumperbot_description/share/bumperbot_description/package.dsv'
[5.146s] INFO:colcon.colcon_core.shell:Creating package script '/home/admin/bumperbot_ws/src/install/bumperbot_description/share/bumperbot_description/package.sh'
[5.146s] INFO:colcon.colcon_core.shell:Creating package script '/home/admin/bumperbot_ws/src/install/bumperbot_description/share/bumperbot_description/package.bash'
[5.146s] INFO:colcon.colcon_core.shell:Creating package script '/home/admin/bumperbot_ws/src/install/bumperbot_description/share/bumperbot_description/package.zsh'
[5.147s] Level 1:colcon.colcon_core.environment:create_file_with_runtime_dependencies(/home/admin/bumperbot_ws/src/install/bumperbot_description/share/colcon-core/packages/bumperbot_description)
[5.535s] Level 1:colcon.colcon_core.environment:checking '/home/admin/bumperbot_ws/src/install/bumperbot_py_examples' for CMake module files
[5.535s] DEBUG:colcon.colcon_core.event_handler.log_command:Invoked command in '/home/admin/bumperbot_ws/src/bumperbot_py_examples' returned '0': DEBUGINFOD_URLS=https://debuginfod.ubuntu.com PYTHONPATH=/home/admin/bumperbot_ws/src/build/bumperbot_py_examples/prefix_override:/usr/lib/python3/dist-packages/colcon_core/task/python/colcon_distutils_commands:/home/admin/bumperbot_ws/src/install/bumperbot_py_examples/lib/python3.12/site-packages:${PYTHONPATH} /usr/bin/python3 -W ignore:setup.py install is deprecated -W ignore:easy_install command is deprecated setup.py egg_info --egg-base ../build/bumperbot_py_examples build --build-base /home/admin/bumperbot_ws/src/build/bumperbot_py_examples/build install --record /home/admin/bumperbot_ws/src/build/bumperbot_py_examples/install.log --single-version-externally-managed install_data
[5.536s] Level 1:colcon.colcon_core.environment:checking '/home/admin/bumperbot_ws/src/install/bumperbot_py_examples' for CMake config files
[5.536s] Level 1:colcon.colcon_core.environment:checking '/home/admin/bumperbot_ws/src/install/bumperbot_py_examples/lib'
[5.536s] Level 1:colcon.colcon_core.environment:checking '/home/admin/bumperbot_ws/src/install/bumperbot_py_examples/bin'
[5.536s] Level 1:colcon.colcon_core.environment:checking '/home/admin/bumperbot_ws/src/install/bumperbot_py_examples/lib/pkgconfig/bumperbot_py_examples.pc'
[5.537s] Level 1:colcon.colcon_core.environment:checking '/home/admin/bumperbot_ws/src/install/bumperbot_py_examples/lib/python3.12/site-packages'
[5.537s] Level 1:colcon.colcon_core.shell:create_environment_hook('bumperbot_py_examples', 'pythonpath')
[5.537s] INFO:colcon.colcon_core.shell:Creating environment hook '/home/admin/bumperbot_ws/src/install/bumperbot_py_examples/share/bumperbot_py_examples/hook/pythonpath.ps1'
[5.537s] INFO:colcon.colcon_core.shell:Creating environment descriptor '/home/admin/bumperbot_ws/src/install/bumperbot_py_examples/share/bumperbot_py_examples/hook/pythonpath.dsv'
[5.537s] INFO:colcon.colcon_core.shell:Creating environment hook '/home/admin/bumperbot_ws/src/install/bumperbot_py_examples/share/bumperbot_py_examples/hook/pythonpath.sh'
[5.538s] Level 1:colcon.colcon_core.environment:checking '/home/admin/bumperbot_ws/src/install/bumperbot_py_examples/bin'
[5.538s] Level 1:colcon.colcon_core.environment:create_environment_scripts_only(bumperbot_py_examples)
[5.538s] INFO:colcon.colcon_core.shell:Creating package script '/home/admin/bumperbot_ws/src/install/bumperbot_py_examples/share/bumperbot_py_examples/package.ps1'
[5.538s] INFO:colcon.colcon_core.shell:Creating package descriptor '/home/admin/bumperbot_ws/src/install/bumperbot_py_examples/share/bumperbot_py_examples/package.dsv'
[5.539s] INFO:colcon.colcon_core.shell:Creating package script '/home/admin/bumperbot_ws/src/install/bumperbot_py_examples/share/bumperbot_py_examples/package.sh'
[5.539s] INFO:colcon.colcon_core.shell:Creating package script '/home/admin/bumperbot_ws/src/install/bumperbot_py_examples/share/bumperbot_py_examples/package.bash'
[5.539s] INFO:colcon.colcon_core.shell:Creating package script '/home/admin/bumperbot_ws/src/install/bumperbot_py_examples/share/bumperbot_py_examples/package.zsh'
[5.540s] Level 1:colcon.colcon_core.environment:create_file_with_runtime_dependencies(/home/admin/bumperbot_ws/src/install/bumperbot_py_examples/share/colcon-core/packages/bumperbot_py_examples)
[6.013s] DEBUG:colcon.colcon_core.event_handler.log_command:Invoked command in '/home/admin/bumperbot_ws/src/build/bumperbot_cpp_examples' returned '0': CMAKE_PREFIX_PATH=${CMAKE_PREFIX_PATH}:/opt/ros/jazzy DEBUGINFOD_URLS=https://debuginfod.ubuntu.com /usr/bin/cmake /home/admin/bumperbot_ws/src/bumperbot_cpp_examples -DCMAKE_INSTALL_PREFIX=/home/admin/bumperbot_ws/src/install/bumperbot_cpp_examples
[6.014s] DEBUG:colcon.colcon_core.event_handler.log_command:Invoking command in '/home/admin/bumperbot_ws/src/build/bumperbot_cpp_examples': CMAKE_PREFIX_PATH=${CMAKE_PREFIX_PATH}:/opt/ros/jazzy DEBUGINFOD_URLS=https://debuginfod.ubuntu.com /usr/bin/cmake --build /home/admin/bumperbot_ws/src/build/bumperbot_cpp_examples -- -j4 -l4
[16.763s] DEBUG:colcon.colcon_core.event_handler.log_command:Invoked command in '/home/admin/bumperbot_ws/src/build/bumperbot_cpp_examples' returned '0': CMAKE_PREFIX_PATH=${CMAKE_PREFIX_PATH}:/opt/ros/jazzy DEBUGINFOD_URLS=https://debuginfod.ubuntu.com /usr/bin/cmake --build /home/admin/bumperbot_ws/src/build/bumperbot_cpp_examples -- -j4 -l4
[16.764s] DEBUG:colcon.colcon_core.event_handler.log_command:Invoking command in '/home/admin/bumperbot_ws/src/build/bumperbot_cpp_examples': CMAKE_PREFIX_PATH=${CMAKE_PREFIX_PATH}:/opt/ros/jazzy DEBUGINFOD_URLS=https://debuginfod.ubuntu.com /usr/bin/cmake --install /home/admin/bumperbot_ws/src/build/bumperbot_cpp_examples
[16.788s] Level 1:colcon.colcon_core.environment:create_environment_scripts_only(bumperbot_cpp_examples)
[16.789s] DEBUG:colcon.colcon_core.event_handler.log_command:Invoked command in '/home/admin/bumperbot_ws/src/build/bumperbot_cpp_examples' returned '0': CMAKE_PREFIX_PATH=${CMAKE_PREFIX_PATH}:/opt/ros/jazzy DEBUGINFOD_URLS=https://debuginfod.ubuntu.com /usr/bin/cmake --install /home/admin/bumperbot_ws/src/build/bumperbot_cpp_examples
[16.789s] Level 1:colcon.colcon_core.environment:checking '/home/admin/bumperbot_ws/src/install/bumperbot_cpp_examples' for CMake module files
[16.790s] Level 1:colcon.colcon_core.environment:checking '/home/admin/bumperbot_ws/src/install/bumperbot_cpp_examples' for CMake config files
[16.790s] Level 1:colcon.colcon_core.shell:create_environment_hook('bumperbot_cpp_examples', 'cmake_prefix_path')
[16.790s] INFO:colcon.colcon_core.shell:Creating environment hook '/home/admin/bumperbot_ws/src/install/bumperbot_cpp_examples/share/bumperbot_cpp_examples/hook/cmake_prefix_path.ps1'
[16.791s] INFO:colcon.colcon_core.shell:Creating environment descriptor '/home/admin/bumperbot_ws/src/install/bumperbot_cpp_examples/share/bumperbot_cpp_examples/hook/cmake_prefix_path.dsv'
[16.791s] INFO:colcon.colcon_core.shell:Creating environment hook '/home/admin/bumperbot_ws/src/install/bumperbot_cpp_examples/share/bumperbot_cpp_examples/hook/cmake_prefix_path.sh'
[16.791s] Level 1:colcon.colcon_core.environment:checking '/home/admin/bumperbot_ws/src/install/bumperbot_cpp_examples/lib'
[16.791s] Level 1:colcon.colcon_core.environment:checking '/home/admin/bumperbot_ws/src/install/bumperbot_cpp_examples/bin'
[16.792s] Level 1:colcon.colcon_core.environment:checking '/home/admin/bumperbot_ws/src/install/bumperbot_cpp_examples/lib/pkgconfig/bumperbot_cpp_examples.pc'
[16.792s] Level 1:colcon.colcon_core.environment:checking '/home/admin/bumperbot_ws/src/install/bumperbot_cpp_examples/lib/python3.12/site-packages'
[16.792s] Level 1:colcon.colcon_core.environment:checking '/home/admin/bumperbot_ws/src/install/bumperbot_cpp_examples/bin'
[16.792s] INFO:colcon.colcon_core.shell:Creating package script '/home/admin/bumperbot_ws/src/install/bumperbot_cpp_examples/share/bumperbot_cpp_examples/package.ps1'
[16.792s] INFO:colcon.colcon_core.shell:Creating package descriptor '/home/admin/bumperbot_ws/src/install/bumperbot_cpp_examples/share/bumperbot_cpp_examples/package.dsv'
[16.793s] INFO:colcon.colcon_core.shell:Creating package script '/home/admin/bumperbot_ws/src/install/bumperbot_cpp_examples/share/bumperbot_cpp_examples/package.sh'
[16.793s] INFO:colcon.colcon_core.shell:Creating package script '/home/admin/bumperbot_ws/src/install/bumperbot_cpp_examples/share/bumperbot_cpp_examples/package.bash'
[16.794s] INFO:colcon.colcon_core.shell:Creating package script '/home/admin/bumperbot_ws/src/install/bumperbot_cpp_examples/share/bumperbot_cpp_examples/package.zsh'
[16.794s] Level 1:colcon.colcon_core.environment:create_file_with_runtime_dependencies(/home/admin/bumperbot_ws/src/install/bumperbot_cpp_examples/share/colcon-core/packages/bumperbot_cpp_examples)
[16.794s] Level 1:colcon.colcon_core.environment:create_environment_scripts_only(bumperbot_cpp_examples)
[16.794s] Level 1:colcon.colcon_core.environment:checking '/home/admin/bumperbot_ws/src/install/bumperbot_cpp_examples' for CMake module files
[16.795s] Level 1:colcon.colcon_core.environment:checking '/home/admin/bumperbot_ws/src/install/bumperbot_cpp_examples' for CMake config files
[16.795s] Level 1:colcon.colcon_core.shell:create_environment_hook('bumperbot_cpp_examples', 'cmake_prefix_path')
[16.795s] INFO:colcon.colcon_core.shell:Creating environment hook '/home/admin/bumperbot_ws/src/install/bumperbot_cpp_examples/share/bumperbot_cpp_examples/hook/cmake_prefix_path.ps1'
[16.796s] INFO:colcon.colcon_core.shell:Creating environment descriptor '/home/admin/bumperbot_ws/src/install/bumperbot_cpp_examples/share/bumperbot_cpp_examples/hook/cmake_prefix_path.dsv'
[16.796s] INFO:colcon.colcon_core.shell:Creating environment hook '/home/admin/bumperbot_ws/src/install/bumperbot_cpp_examples/share/bumperbot_cpp_examples/hook/cmake_prefix_path.sh'
[16.797s] Level 1:colcon.colcon_core.environment:checking '/home/admin/bumperbot_ws/src/install/bumperbot_cpp_examples/lib'
[16.797s] Level 1:colcon.colcon_core.environment:checking '/home/admin/bumperbot_ws/src/install/bumperbot_cpp_examples/bin'
[16.797s] Level 1:colcon.colcon_core.environment:checking '/home/admin/bumperbot_ws/src/install/bumperbot_cpp_examples/lib/pkgconfig/bumperbot_cpp_examples.pc'
[16.797s] Level 1:colcon.colcon_core.environment:checking '/home/admin/bumperbot_ws/src/install/bumperbot_cpp_examples/lib/python3.12/site-packages'
[16.797s] Level 1:colcon.colcon_core.environment:checking '/home/admin/bumperbot_ws/src/install/bumperbot_cpp_examples/bin'
[16.797s] INFO:colcon.colcon_core.shell:Creating package script '/home/admin/bumperbot_ws/src/install/bumperbot_cpp_examples/share/bumperbot_cpp_examples/package.ps1'
[16.798s] INFO:colcon.colcon_core.shell:Creating package descriptor '/home/admin/bumperbot_ws/src/install/bumperbot_cpp_examples/share/bumperbot_cpp_examples/package.dsv'
[16.798s] INFO:colcon.colcon_core.shell:Creating package script '/home/admin/bumperbot_ws/src/install/bumperbot_cpp_examples/share/bumperbot_cpp_examples/package.sh'
[16.798s] INFO:colcon.colcon_core.shell:Creating package script '/home/admin/bumperbot_ws/src/install/bumperbot_cpp_examples/share/bumperbot_cpp_examples/package.bash'
[16.799s] INFO:colcon.colcon_core.shell:Creating package script '/home/admin/bumperbot_ws/src/install/bumperbot_cpp_examples/share/bumperbot_cpp_examples/package.zsh'
[16.799s] Level 1:colcon.colcon_core.environment:create_file_with_runtime_dependencies(/home/admin/bumperbot_ws/src/install/bumperbot_cpp_examples/share/colcon-core/packages/bumperbot_cpp_examples)
[16.800s] DEBUG:colcon.colcon_parallel_executor.executor.parallel:closing loop
[16.800s] DEBUG:colcon.colcon_parallel_executor.executor.parallel:loop closed
[16.800s] DEBUG:colcon.colcon_parallel_executor.executor.parallel:run_until_complete finished with '0'
[16.800s] DEBUG:colcon.colcon_core.event_reactor:joining thread
[16.830s] INFO:colcon.colcon_core.plugin_system:Skipping extension 'colcon_notification.desktop_notification.terminal_notifier': Not used on non-Darwin systems
[16.830s] INFO:colcon.colcon_core.plugin_system:Skipping extension 'colcon_notification.desktop_notification.win32': Not used on non-Windows systems
[16.831s] INFO:colcon.colcon_notification.desktop_notification:Sending desktop notification using 'notify2'
[16.854s] DEBUG:colcon.colcon_core.event_reactor:joined thread
[16.855s] INFO:colcon.colcon_core.shell:Creating prefix script '/home/admin/bumperbot_ws/src/install/local_setup.ps1'
[16.863s] INFO:colcon.colcon_core.shell:Creating prefix util module '/home/admin/bumperbot_ws/src/install/_local_setup_util_ps1.py'
[16.878s] INFO:colcon.colcon_core.shell:Creating prefix chain script '/home/admin/bumperbot_ws/src/install/setup.ps1'
[16.879s] INFO:colcon.colcon_core.shell:Creating prefix script '/home/admin/bumperbot_ws/src/install/local_setup.sh'
[16.881s] INFO:colcon.colcon_core.shell:Creating prefix util module '/home/admin/bumperbot_ws/src/install/_local_setup_util_sh.py'
[16.881s] INFO:colcon.colcon_core.shell:Creating prefix chain script '/home/admin/bumperbot_ws/src/install/setup.sh'
[16.882s] INFO:colcon.colcon_core.shell:Creating prefix script '/home/admin/bumperbot_ws/src/install/local_setup.bash'
[16.896s] INFO:colcon.colcon_core.shell:Creating prefix chain script '/home/admin/bumperbot_ws/src/install/setup.bash'
[16.911s] INFO:colcon.colcon_core.shell:Creating prefix script '/home/admin/bumperbot_ws/src/install/local_setup.zsh'
[16.912s] INFO:colcon.colcon_core.shell:Creating prefix chain script '/home/admin/bumperbot_ws/src/install/setup.zsh'
