[0.030s] Invoking command in '/home/admin/bumperbot_ws/src/build/bumperbot_cpp_examples': CMAKE_PREFIX_PATH=${CMAKE_PREFIX_PATH}:/opt/ros/jazzy DEBUGINFOD_URLS=https://debuginfod.ubuntu.com /usr/bin/cmake /home/admin/bumperbot_ws/src/bumperbot_cpp_examples -DCMAKE_INSTALL_PREFIX=/home/admin/bumperbot_ws/src/install/bumperbot_cpp_examples
[1.068s] -- The C compiler identification is GNU 13.3.0
[1.963s] -- The CXX compiler identification is GNU 13.3.0
[2.206s] -- Detecting C compiler ABI info
[2.457s] -- Detecting C compiler ABI info - done
[2.467s] -- Check for working C compiler: /usr/bin/cc - skipped
[2.471s] -- Detecting C compile features
[2.472s] -- Detecting C compile features - done
[2.497s] -- Detecting CXX compiler ABI info
[2.670s] -- Detecting CXX compiler ABI info - done
[2.684s] -- Check for working CXX compiler: /usr/bin/c++ - skipped
[2.685s] -- Detecting CXX compile features
[2.685s] -- Detecting CXX compile features - done
[3.041s] -- Found ament_cmake: 2.5.3 (/opt/ros/jazzy/share/ament_cmake/cmake)
[3.275s] -- Found Python3: /usr/bin/python3 (found version "3.12.3") found components: Interpreter 
[3.619s] -- Found rclcpp: 28.1.6 (/opt/ros/jazzy/share/rclcpp/cmake)
[3.779s] -- Found rosidl_generator_c: 4.6.5 (/opt/ros/jazzy/share/rosidl_generator_c/cmake)
[3.832s] -- Found rosidl_generator_cpp: 4.6.5 (/opt/ros/jazzy/share/rosidl_generator_cpp/cmake)
[3.883s] -- Using all available rosidl_typesupport_c: rosidl_typesupport_fastrtps_c;rosidl_typesupport_introspection_c
[3.986s] -- Using all available rosidl_typesupport_cpp: rosidl_typesupport_fastrtps_cpp;rosidl_typesupport_introspection_cpp
[4.473s] -- Found rmw_implementation_cmake: 7.3.1 (/opt/ros/jazzy/share/rmw_implementation_cmake/cmake)
[4.494s] -- Found rmw_fastrtps_cpp: 8.4.1 (/opt/ros/jazzy/share/rmw_fastrtps_cpp/cmake)
[4.896s] -- Found OpenSSL: /usr/lib/x86_64-linux-gnu/libcrypto.so (found version "3.0.13")  
[4.929s] -- Found FastRTPS: /opt/ros/jazzy/include (Required is at least version "2.13") 
[4.956s] -- Using RMW implementation 'rmw_fastrtps_cpp' as default
[5.129s] -- Found std_msgs: 5.3.5 (/opt/ros/jazzy/share/std_msgs/cmake)
[5.245s] -- Configuring done (5.2s)
[5.277s] -- Generating done (0.0s)
[5.283s] -- Build files have been written to: /home/admin/bumperbot_ws/src/build/bumperbot_cpp_examples
[5.293s] Invoked command in '/home/admin/bumperbot_ws/src/build/bumperbot_cpp_examples' returned '0': CMAKE_PREFIX_PATH=${CMAKE_PREFIX_PATH}:/opt/ros/jazzy DEBUGINFOD_URLS=https://debuginfod.ubuntu.com /usr/bin/cmake /home/admin/bumperbot_ws/src/bumperbot_cpp_examples -DCMAKE_INSTALL_PREFIX=/home/admin/bumperbot_ws/src/install/bumperbot_cpp_examples
[5.294s] Invoking command in '/home/admin/bumperbot_ws/src/build/bumperbot_cpp_examples': CMAKE_PREFIX_PATH=${CMAKE_PREFIX_PATH}:/opt/ros/jazzy DEBUGINFOD_URLS=https://debuginfod.ubuntu.com /usr/bin/cmake --build /home/admin/bumperbot_ws/src/build/bumperbot_cpp_examples -- -j4 -l4
[5.362s] [ 50%] [32mBuilding CXX object CMakeFiles/simple_publisher.dir/src/simple_publisher.cpp.o[0m
[5.362s] [ 50%] [32mBuilding CXX object CMakeFiles/simple_parameter.dir/src/simple_parameter.cpp.o[0m
[5.362s] [ 50%] [32mBuilding CXX object CMakeFiles/simple_subs.dir/src/simple_subs.cpp.o[0m
[11.432s] [ 66%] [32m[1mLinking CXX executable simple_parameter[0m
[11.784s] [ 66%] Built target simple_parameter
[12.557s] [ 83%] [32m[1mLinking CXX executable simple_publisher[0m
[12.771s] [ 83%] Built target simple_publisher
[15.736s] [100%] [32m[1mLinking CXX executable simple_subs[0m
[16.027s] [100%] Built target simple_subs
[16.043s] Invoked command in '/home/admin/bumperbot_ws/src/build/bumperbot_cpp_examples' returned '0': CMAKE_PREFIX_PATH=${CMAKE_PREFIX_PATH}:/opt/ros/jazzy DEBUGINFOD_URLS=https://debuginfod.ubuntu.com /usr/bin/cmake --build /home/admin/bumperbot_ws/src/build/bumperbot_cpp_examples -- -j4 -l4
[16.044s] Invoking command in '/home/admin/bumperbot_ws/src/build/bumperbot_cpp_examples': CMAKE_PREFIX_PATH=${CMAKE_PREFIX_PATH}:/opt/ros/jazzy DEBUGINFOD_URLS=https://debuginfod.ubuntu.com /usr/bin/cmake --install /home/admin/bumperbot_ws/src/build/bumperbot_cpp_examples
[16.055s] -- Install configuration: ""
[16.055s] -- Installing: /home/admin/bumperbot_ws/src/install/bumperbot_cpp_examples/lib/bumperbot_cpp_examples/simple_publisher
[16.057s] -- Set non-toolchain portion of runtime path of "/home/admin/bumperbot_ws/src/install/bumperbot_cpp_examples/lib/bumperbot_cpp_examples/simple_publisher" to ""
[16.057s] -- Installing: /home/admin/bumperbot_ws/src/install/bumperbot_cpp_examples/lib/bumperbot_cpp_examples/simple_subs
[16.062s] -- Set non-toolchain portion of runtime path of "/home/admin/bumperbot_ws/src/install/bumperbot_cpp_examples/lib/bumperbot_cpp_examples/simple_subs" to ""
[16.062s] -- Installing: /home/admin/bumperbot_ws/src/install/bumperbot_cpp_examples/lib/bumperbot_cpp_examples/simple_parameter
[16.062s] -- Set non-toolchain portion of runtime path of "/home/admin/bumperbot_ws/src/install/bumperbot_cpp_examples/lib/bumperbot_cpp_examples/simple_parameter" to ""
[16.063s] -- Installing: /home/admin/bumperbot_ws/src/install/bumperbot_cpp_examples/share/ament_index/resource_index/package_run_dependencies/bumperbot_cpp_examples
[16.063s] -- Installing: /home/admin/bumperbot_ws/src/install/bumperbot_cpp_examples/share/ament_index/resource_index/parent_prefix_path/bumperbot_cpp_examples
[16.063s] -- Installing: /home/admin/bumperbot_ws/src/install/bumperbot_cpp_examples/share/bumperbot_cpp_examples/environment/ament_prefix_path.sh
[16.063s] -- Installing: /home/admin/bumperbot_ws/src/install/bumperbot_cpp_examples/share/bumperbot_cpp_examples/environment/ament_prefix_path.dsv
[16.064s] -- Installing: /home/admin/bumperbot_ws/src/install/bumperbot_cpp_examples/share/bumperbot_cpp_examples/environment/path.sh
[16.064s] -- Installing: /home/admin/bumperbot_ws/src/install/bumperbot_cpp_examples/share/bumperbot_cpp_examples/environment/path.dsv
[16.064s] -- Installing: /home/admin/bumperbot_ws/src/install/bumperbot_cpp_examples/share/bumperbot_cpp_examples/local_setup.bash
[16.064s] -- Installing: /home/admin/bumperbot_ws/src/install/bumperbot_cpp_examples/share/bumperbot_cpp_examples/local_setup.sh
[16.064s] -- Installing: /home/admin/bumperbot_ws/src/install/bumperbot_cpp_examples/share/bumperbot_cpp_examples/local_setup.zsh
[16.065s] -- Installing: /home/admin/bumperbot_ws/src/install/bumperbot_cpp_examples/share/bumperbot_cpp_examples/local_setup.dsv
[16.065s] -- Installing: /home/admin/bumperbot_ws/src/install/bumperbot_cpp_examples/share/bumperbot_cpp_examples/package.dsv
[16.065s] -- Installing: /home/admin/bumperbot_ws/src/install/bumperbot_cpp_examples/share/ament_index/resource_index/packages/bumperbot_cpp_examples
[16.065s] -- Installing: /home/admin/bumperbot_ws/src/install/bumperbot_cpp_examples/share/bumperbot_cpp_examples/cmake/bumperbot_cpp_examplesConfig.cmake
[16.065s] -- Installing: /home/admin/bumperbot_ws/src/install/bumperbot_cpp_examples/share/bumperbot_cpp_examples/cmake/bumperbot_cpp_examplesConfig-version.cmake
[16.066s] -- Installing: /home/admin/bumperbot_ws/src/install/bumperbot_cpp_examples/share/bumperbot_cpp_examples/package.xml
[16.069s] Invoked command in '/home/admin/bumperbot_ws/src/build/bumperbot_cpp_examples' returned '0': CMAKE_PREFIX_PATH=${CMAKE_PREFIX_PATH}:/opt/ros/jazzy DEBUGINFOD_URLS=https://debuginfod.ubuntu.com /usr/bin/cmake --install /home/admin/bumperbot_ws/src/build/bumperbot_cpp_examples
