[0.023s] Invoking command in '/home/admin/bumperbot_ws/src/build/bumperbot_controller': CMAKE_PREFIX_PATH=${CMAKE_PREFIX_PATH}:/opt/ros/jazzy DEBUGINFOD_URLS=https://debuginfod.ubuntu.com /usr/bin/cmake --build /home/admin/bumperbot_ws/src/build/bumperbot_controller -- -j4 -l4
[0.061s] -- Found ament_cmake: 2.5.3 (/opt/ros/jazzy/share/ament_cmake/cmake)
[0.288s] -- Found ament_lint_auto: 0.17.1 (/opt/ros/jazzy/share/ament_lint_auto/cmake)
[0.386s] -- Added test 'lint_cmake' to check CMake code style
[0.387s] -- Added test 'xmllint' to check XML markup files
[0.388s] -- Configuring done (0.3s)
[0.392s] -- Generating done (0.0s)
[0.394s] -- Build files have been written to: /home/admin/bumperbot_ws/src/build/bumperbot_controller
[0.429s] Invoked command in '/home/admin/bumperbot_ws/src/build/bumperbot_controller' returned '0': CMAKE_PREFIX_PATH=${CMAKE_PREFIX_PATH}:/opt/ros/jazzy DEBUGINFOD_URLS=https://debuginfod.ubuntu.com /usr/bin/cmake --build /home/admin/bumperbot_ws/src/build/bumperbot_controller -- -j4 -l4
[0.430s] Invoking command in '/home/admin/bumperbot_ws/src/build/bumperbot_controller': CMAKE_PREFIX_PATH=${CMAKE_PREFIX_PATH}:/opt/ros/jazzy DEBUGINFOD_URLS=https://debuginfod.ubuntu.com /usr/bin/cmake --install /home/admin/bumperbot_ws/src/build/bumperbot_controller
[0.445s] -- Install configuration: ""
[0.445s] -- Installing: /home/admin/bumperbot_ws/src/install/bumperbot_controller/share/bumperbot_controller/config
[0.445s] -- Installing: /home/admin/bumperbot_ws/src/install/bumperbot_controller/share/bumperbot_controller/config/bumperbot_controllers.yaml
[0.445s] -- Up-to-date: /home/admin/bumperbot_ws/src/install/bumperbot_controller/share/ament_index/resource_index/package_run_dependencies/bumperbot_controller
[0.445s] -- Up-to-date: /home/admin/bumperbot_ws/src/install/bumperbot_controller/share/ament_index/resource_index/parent_prefix_path/bumperbot_controller
[0.445s] -- Up-to-date: /home/admin/bumperbot_ws/src/install/bumperbot_controller/share/bumperbot_controller/environment/ament_prefix_path.sh
[0.445s] -- Up-to-date: /home/admin/bumperbot_ws/src/install/bumperbot_controller/share/bumperbot_controller/environment/ament_prefix_path.dsv
[0.445s] -- Up-to-date: /home/admin/bumperbot_ws/src/install/bumperbot_controller/share/bumperbot_controller/environment/path.sh
[0.445s] -- Up-to-date: /home/admin/bumperbot_ws/src/install/bumperbot_controller/share/bumperbot_controller/environment/path.dsv
[0.446s] -- Up-to-date: /home/admin/bumperbot_ws/src/install/bumperbot_controller/share/bumperbot_controller/local_setup.bash
[0.446s] -- Up-to-date: /home/admin/bumperbot_ws/src/install/bumperbot_controller/share/bumperbot_controller/local_setup.sh
[0.446s] -- Up-to-date: /home/admin/bumperbot_ws/src/install/bumperbot_controller/share/bumperbot_controller/local_setup.zsh
[0.446s] -- Up-to-date: /home/admin/bumperbot_ws/src/install/bumperbot_controller/share/bumperbot_controller/local_setup.dsv
[0.446s] -- Up-to-date: /home/admin/bumperbot_ws/src/install/bumperbot_controller/share/bumperbot_controller/package.dsv
[0.446s] -- Up-to-date: /home/admin/bumperbot_ws/src/install/bumperbot_controller/share/ament_index/resource_index/packages/bumperbot_controller
[0.446s] -- Up-to-date: /home/admin/bumperbot_ws/src/install/bumperbot_controller/share/bumperbot_controller/cmake/bumperbot_controllerConfig.cmake
[0.446s] -- Up-to-date: /home/admin/bumperbot_ws/src/install/bumperbot_controller/share/bumperbot_controller/cmake/bumperbot_controllerConfig-version.cmake
[0.446s] -- Up-to-date: /home/admin/bumperbot_ws/src/install/bumperbot_controller/share/bumperbot_controller/package.xml
[0.447s] Invoked command in '/home/admin/bumperbot_ws/src/build/bumperbot_controller' returned '0': CMAKE_PREFIX_PATH=${CMAKE_PREFIX_PATH}:/opt/ros/jazzy DEBUGINFOD_URLS=https://debuginfod.ubuntu.com /usr/bin/cmake --install /home/admin/bumperbot_ws/src/build/bumperbot_controller
