[0.030s] Invoking command in '/home/admin/bumperbot_ws/src/build/bumperbot_description': CMAKE_PREFIX_PATH=${CMAKE_PREFIX_PATH}:/opt/ros/jazzy DEBUGINFOD_URLS=https://debuginfod.ubuntu.com /usr/bin/cmake /home/admin/bumperbot_ws/src/bumperbot_description -DCMAKE_INSTALL_PREFIX=/home/admin/bumperbot_ws/src/install/bumperbot_description
[1.067s] -- The C compiler identification is GNU 13.3.0
[1.962s] -- The CXX compiler identification is GNU 13.3.0
[2.204s] -- Detecting C compiler ABI info
[2.461s] -- Detecting C compiler ABI info - done
[2.471s] -- Check for working C compiler: /usr/bin/cc - skipped
[2.471s] -- Detecting C compile features
[2.471s] -- Detecting C compile features - done
[2.495s] -- Detecting CXX compiler ABI info
[2.673s] -- Detecting CXX compiler ABI info - done
[2.690s] -- Check for working CXX compiler: /usr/bin/c++ - skipped
[2.692s] -- Detecting CXX compile features
[2.692s] -- Detecting CXX compile features - done
[3.040s] -- Found ament_cmake: 2.5.3 (/opt/ros/jazzy/share/ament_cmake/cmake)
[3.279s] -- Found Python3: /usr/bin/python3 (found version "3.12.3") found components: Interpreter 
[3.609s] -- Found ament_lint_auto: 0.17.1 (/opt/ros/jazzy/share/ament_lint_auto/cmake)
[3.795s] -- Added test 'flake8' to check Python code syntax and style conventions
[3.795s] -- Configured 'flake8' exclude dirs and/or files: 
[3.797s] -- Added test 'lint_cmake' to check CMake code style
[3.798s] -- Added test 'pep257' to check Python code against some of the docstring style conventions in PEP 257
[3.800s] -- Added test 'xmllint' to check XML markup files
[3.806s] -- Configuring done (3.8s)
[3.811s] -- Generating done (0.0s)
[3.813s] -- Build files have been written to: /home/admin/bumperbot_ws/src/build/bumperbot_description
[3.822s] Invoked command in '/home/admin/bumperbot_ws/src/build/bumperbot_description' returned '0': CMAKE_PREFIX_PATH=${CMAKE_PREFIX_PATH}:/opt/ros/jazzy DEBUGINFOD_URLS=https://debuginfod.ubuntu.com /usr/bin/cmake /home/admin/bumperbot_ws/src/bumperbot_description -DCMAKE_INSTALL_PREFIX=/home/admin/bumperbot_ws/src/install/bumperbot_description
[3.822s] Invoking command in '/home/admin/bumperbot_ws/src/build/bumperbot_description': CMAKE_PREFIX_PATH=${CMAKE_PREFIX_PATH}:/opt/ros/jazzy DEBUGINFOD_URLS=https://debuginfod.ubuntu.com /usr/bin/cmake --build /home/admin/bumperbot_ws/src/build/bumperbot_description -- -j4 -l4
[3.896s] Invoked command in '/home/admin/bumperbot_ws/src/build/bumperbot_description' returned '0': CMAKE_PREFIX_PATH=${CMAKE_PREFIX_PATH}:/opt/ros/jazzy DEBUGINFOD_URLS=https://debuginfod.ubuntu.com /usr/bin/cmake --build /home/admin/bumperbot_ws/src/build/bumperbot_description -- -j4 -l4
[3.897s] Invoking command in '/home/admin/bumperbot_ws/src/build/bumperbot_description': CMAKE_PREFIX_PATH=${CMAKE_PREFIX_PATH}:/opt/ros/jazzy DEBUGINFOD_URLS=https://debuginfod.ubuntu.com /usr/bin/cmake --install /home/admin/bumperbot_ws/src/build/bumperbot_description
[3.912s] -- Install configuration: ""
[3.912s] -- Installing: /home/admin/bumperbot_ws/src/install/bumperbot_description/share/bumperbot_description/meshes
[3.913s] -- Installing: /home/admin/bumperbot_ws/src/install/bumperbot_description/share/bumperbot_description/meshes/caster_front_link.STL
[3.938s] -- Installing: /home/admin/bumperbot_ws/src/install/bumperbot_description/share/bumperbot_description/meshes/wheel_right_link.STL
[4.022s] -- Installing: /home/admin/bumperbot_ws/src/install/bumperbot_description/share/bumperbot_description/meshes/can_link.STL
[4.060s] -- Installing: /home/admin/bumperbot_ws/src/install/bumperbot_description/share/bumperbot_description/meshes/caster_rear_link.STL
[4.073s] -- Installing: /home/admin/bumperbot_ws/src/install/bumperbot_description/share/bumperbot_description/meshes/imu_link.STL
[4.083s] -- Installing: /home/admin/bumperbot_ws/src/install/bumperbot_description/share/bumperbot_description/meshes/base_link.STL
[4.382s] -- Installing: /home/admin/bumperbot_ws/src/install/bumperbot_description/share/bumperbot_description/meshes/wheel_left_link.STL
[4.401s] -- Installing: /home/admin/bumperbot_ws/src/install/bumperbot_description/share/bumperbot_description/urdf
[4.401s] -- Installing: /home/admin/bumperbot_ws/src/install/bumperbot_description/share/bumperbot_description/urdf/bumperbot_gazebo.xacro
[4.401s] -- Installing: /home/admin/bumperbot_ws/src/install/bumperbot_description/share/bumperbot_description/urdf/bumperbot.urdf.xacro
[4.401s] -- Installing: /home/admin/bumperbot_ws/src/install/bumperbot_description/share/bumperbot_description/urdf/bumperbot_ros2_control.xacro
[4.401s] -- Installing: /home/admin/bumperbot_ws/src/install/bumperbot_description/share/bumperbot_description/launch
[4.401s] -- Installing: /home/admin/bumperbot_ws/src/install/bumperbot_description/share/bumperbot_description/launch/display.launch.py
[4.401s] -- Installing: /home/admin/bumperbot_ws/src/install/bumperbot_description/share/bumperbot_description/launch/gazebo.launch.py
[4.401s] -- Installing: /home/admin/bumperbot_ws/src/install/bumperbot_description/share/bumperbot_description/rviz
[4.402s] -- Installing: /home/admin/bumperbot_ws/src/install/bumperbot_description/share/bumperbot_description/rviz/display.rviz
[4.410s] -- Installing: /home/admin/bumperbot_ws/src/install/bumperbot_description/share/ament_index/resource_index/package_run_dependencies/bumperbot_description
[4.411s] -- Installing: /home/admin/bumperbot_ws/src/install/bumperbot_description/share/ament_index/resource_index/parent_prefix_path/bumperbot_description
[4.411s] -- Installing: /home/admin/bumperbot_ws/src/install/bumperbot_description/share/bumperbot_description/environment/ament_prefix_path.sh
[4.411s] -- Installing: /home/admin/bumperbot_ws/src/install/bumperbot_description/share/bumperbot_description/environment/ament_prefix_path.dsv
[4.411s] -- Installing: /home/admin/bumperbot_ws/src/install/bumperbot_description/share/bumperbot_description/environment/path.sh
[4.412s] -- Installing: /home/admin/bumperbot_ws/src/install/bumperbot_description/share/bumperbot_description/environment/path.dsv
[4.412s] -- Installing: /home/admin/bumperbot_ws/src/install/bumperbot_description/share/bumperbot_description/local_setup.bash
[4.412s] -- Installing: /home/admin/bumperbot_ws/src/install/bumperbot_description/share/bumperbot_description/local_setup.sh
[4.412s] -- Installing: /home/admin/bumperbot_ws/src/install/bumperbot_description/share/bumperbot_description/local_setup.zsh
[4.412s] -- Installing: /home/admin/bumperbot_ws/src/install/bumperbot_description/share/bumperbot_description/local_setup.dsv
[4.412s] -- Installing: /home/admin/bumperbot_ws/src/install/bumperbot_description/share/bumperbot_description/package.dsv
[4.412s] -- Installing: /home/admin/bumperbot_ws/src/install/bumperbot_description/share/ament_index/resource_index/packages/bumperbot_description
[4.413s] -- Installing: /home/admin/bumperbot_ws/src/install/bumperbot_description/share/bumperbot_description/cmake/bumperbot_descriptionConfig.cmake
[4.413s] -- Installing: /home/admin/bumperbot_ws/src/install/bumperbot_description/share/bumperbot_description/cmake/bumperbot_descriptionConfig-version.cmake
[4.413s] -- Installing: /home/admin/bumperbot_ws/src/install/bumperbot_description/share/bumperbot_description/package.xml
[4.415s] Invoked command in '/home/admin/bumperbot_ws/src/build/bumperbot_description' returned '0': CMAKE_PREFIX_PATH=${CMAKE_PREFIX_PATH}:/opt/ros/jazzy DEBUGINFOD_URLS=https://debuginfod.ubuntu.com /usr/bin/cmake --install /home/admin/bumperbot_ws/src/build/bumperbot_description
