[0.027s] Invoking command in '/home/admin/bumperbot_ws/build/bumperbot_description': CMAKE_PREFIX_PATH=${CMAKE_PREFIX_PATH}:/home/admin/bumperbot_ws/install/bumperbot_py_examples:/opt/ros/jazzy DEBUGINFOD_URLS=https://debuginfod.ubuntu.com /usr/bin/cmake --build /home/admin/bumperbot_ws/build/bumperbot_description -- -j4 -l4
[0.242s] Invoked command in '/home/admin/bumperbot_ws/build/bumperbot_description' returned '0': CMAKE_PREFIX_PATH=${CMAKE_PREFIX_PATH}:/home/admin/bumperbot_ws/install/bumperbot_py_examples:/opt/ros/jazzy DEBUGINFOD_URLS=https://debuginfod.ubuntu.com /usr/bin/cmake --build /home/admin/bumperbot_ws/build/bumperbot_description -- -j4 -l4
[0.257s] Invoking command in '/home/admin/bumperbot_ws/build/bumperbot_description': CMAKE_PREFIX_PATH=${CMAKE_PREFIX_PATH}:/home/admin/bumperbot_ws/install/bumperbot_py_examples:/opt/ros/jazzy DEBUGINFOD_URLS=https://debuginfod.ubuntu.com /usr/bin/cmake --install /home/admin/bumperbot_ws/build/bumperbot_description
[0.269s] -- Install configuration: ""
[0.269s] -- Up-to-date: /home/admin/bumperbot_ws/install/bumperbot_description/share/bumperbot_description/meshes
[0.270s] -- Up-to-date: /home/admin/bumperbot_ws/install/bumperbot_description/share/bumperbot_description/meshes/caster_front_link.STL
[0.270s] -- Up-to-date: /home/admin/bumperbot_ws/install/bumperbot_description/share/bumperbot_description/meshes/wheel_right_link.STL
[0.270s] -- Up-to-date: /home/admin/bumperbot_ws/install/bumperbot_description/share/bumperbot_description/meshes/caster_rear_link.STL
[0.270s] -- Up-to-date: /home/admin/bumperbot_ws/install/bumperbot_description/share/bumperbot_description/meshes/imu_link.STL
[0.270s] -- Up-to-date: /home/admin/bumperbot_ws/install/bumperbot_description/share/bumperbot_description/meshes/base_link.STL
[0.272s] -- Up-to-date: /home/admin/bumperbot_ws/install/bumperbot_description/share/bumperbot_description/meshes/wheel_left_link.STL
[0.272s] -- Up-to-date: /home/admin/bumperbot_ws/install/bumperbot_description/share/bumperbot_description/urdf
[0.272s] -- Up-to-date: /home/admin/bumperbot_ws/install/bumperbot_description/share/bumperbot_description/urdf/bumperbot.urdf.xacro
[0.272s] -- Up-to-date: /home/admin/bumperbot_ws/install/bumperbot_description/share/ament_index/resource_index/package_run_dependencies/bumperbot_description
[0.274s] -- Up-to-date: /home/admin/bumperbot_ws/install/bumperbot_description/share/ament_index/resource_index/parent_prefix_path/bumperbot_description
[0.274s] -- Up-to-date: /home/admin/bumperbot_ws/install/bumperbot_description/share/bumperbot_description/environment/ament_prefix_path.sh
[0.274s] -- Up-to-date: /home/admin/bumperbot_ws/install/bumperbot_description/share/bumperbot_description/environment/ament_prefix_path.dsv
[0.274s] -- Up-to-date: /home/admin/bumperbot_ws/install/bumperbot_description/share/bumperbot_description/environment/path.sh
[0.274s] -- Up-to-date: /home/admin/bumperbot_ws/install/bumperbot_description/share/bumperbot_description/environment/path.dsv
[0.274s] -- Up-to-date: /home/admin/bumperbot_ws/install/bumperbot_description/share/bumperbot_description/local_setup.bash
[0.274s] -- Up-to-date: /home/admin/bumperbot_ws/install/bumperbot_description/share/bumperbot_description/local_setup.sh
[0.274s] -- Up-to-date: /home/admin/bumperbot_ws/install/bumperbot_description/share/bumperbot_description/local_setup.zsh
[0.274s] -- Up-to-date: /home/admin/bumperbot_ws/install/bumperbot_description/share/bumperbot_description/local_setup.dsv
[0.275s] -- Installing: /home/admin/bumperbot_ws/install/bumperbot_description/share/bumperbot_description/package.dsv
[0.275s] -- Up-to-date: /home/admin/bumperbot_ws/install/bumperbot_description/share/ament_index/resource_index/packages/bumperbot_description
[0.275s] -- Up-to-date: /home/admin/bumperbot_ws/install/bumperbot_description/share/bumperbot_description/cmake/bumperbot_descriptionConfig.cmake
[0.275s] -- Up-to-date: /home/admin/bumperbot_ws/install/bumperbot_description/share/bumperbot_description/cmake/bumperbot_descriptionConfig-version.cmake
[0.275s] -- Up-to-date: /home/admin/bumperbot_ws/install/bumperbot_description/share/bumperbot_description/package.xml
[0.282s] Invoked command in '/home/admin/bumperbot_ws/build/bumperbot_description' returned '0': CMAKE_PREFIX_PATH=${CMAKE_PREFIX_PATH}:/home/admin/bumperbot_ws/install/bumperbot_py_examples:/opt/ros/jazzy DEBUGINFOD_URLS=https://debuginfod.ubuntu.com /usr/bin/cmake --install /home/admin/bumperbot_ws/build/bumperbot_description
