[0.109s] DEBUG:colcon:Command line arguments: ['/usr/bin/colcon', 'build']
[0.109s] DEBUG:colcon:Parsed command line arguments: Namespace(log_base=None, log_level=None, verb_name='build', build_base='build', install_base='install', merge_install=False, symlink_install=False, test_result_base=None, continue_on_error=False, executor='parallel', parallel_workers=4, event_handlers=None, ignore_user_meta=False, metas=['./colcon.meta'], base_paths=['.'], packages_ignore=None, packages_ignore_regex=None, paths=None, packages_up_to=None, packages_up_to_regex=None, packages_above=None, packages_above_and_dependencies=None, packages_above_depth=None, packages_select_by_dep=None, packages_skip_by_dep=None, packages_skip_up_to=None, packages_select_build_failed=False, packages_skip_build_finished=False, packages_select_test_failures=False, packages_skip_test_passed=False, packages_select=None, packages_skip=None, packages_select_regex=None, packages_skip_regex=None, packages_start=None, packages_end=None, allow_overriding=[], cmake_args=None, cmake_target=None, cmake_target_skip_unavailable=False, cmake_clean_cache=False, cmake_clean_first=False, cmake_force_configure=False, ament_cmake_args=None, catkin_cmake_args=None, catkin_skip_building_tests=False, mixin_files=None, mixin=None, verb_parser=<colcon_mixin.mixin.mixin_argument.MixinArgumentDecorator object at 0x7b8871a83bf0>, verb_extension=<colcon_core.verb.build.BuildVerb object at 0x7b8871a83800>, main=<bound method BuildVerb.main of <colcon_core.verb.build.BuildVerb object at 0x7b8871a83800>>, mixin_verb=('build',))
[0.148s] Level 1:colcon.colcon_core.package_discovery:discover_packages(colcon_meta) check parameters
[0.148s] Level 1:colcon.colcon_core.package_discovery:discover_packages(recursive) check parameters
[0.148s] Level 1:colcon.colcon_core.package_discovery:discover_packages(ignore) check parameters
[0.148s] Level 1:colcon.colcon_core.package_discovery:discover_packages(path) check parameters
[0.148s] Level 1:colcon.colcon_core.package_discovery:discover_packages(colcon_meta) discover
[0.148s] Level 1:colcon.colcon_core.package_discovery:discover_packages(recursive) discover
[0.148s] INFO:colcon.colcon_core.package_discovery:Crawling recursively for packages in '/home/admin/bumperbot_ws'
[0.149s] Level 1:colcon.colcon_core.package_identification:_identify(.) by extensions ['ignore', 'ignore_ament_install']
[0.149s] Level 1:colcon.colcon_core.package_identification:_identify(.) by extension 'ignore'
[0.149s] Level 1:colcon.colcon_core.package_identification:_identify(.) by extension 'ignore_ament_install'
[0.149s] Level 1:colcon.colcon_core.package_identification:_identify(.) by extensions ['colcon_pkg']
[0.149s] Level 1:colcon.colcon_core.package_identification:_identify(.) by extension 'colcon_pkg'
[0.149s] Level 1:colcon.colcon_core.package_identification:_identify(.) by extensions ['colcon_meta']
[0.149s] Level 1:colcon.colcon_core.package_identification:_identify(.) by extension 'colcon_meta'
[0.149s] Level 1:colcon.colcon_core.package_identification:_identify(.) by extensions ['ros']
[0.149s] Level 1:colcon.colcon_core.package_identification:_identify(.) by extension 'ros'
[0.173s] Level 1:colcon.colcon_core.package_identification:_identify(.) by extensions ['cmake', 'python']
[0.173s] Level 1:colcon.colcon_core.package_identification:_identify(.) by extension 'cmake'
[0.173s] Level 1:colcon.colcon_core.package_identification:_identify(.) by extension 'python'
[0.173s] Level 1:colcon.colcon_core.package_identification:_identify(.) by extensions ['python_setup_py']
[0.173s] Level 1:colcon.colcon_core.package_identification:_identify(.) by extension 'python_setup_py'
[0.173s] Level 1:colcon.colcon_core.package_identification:_identify(build) by extensions ['ignore', 'ignore_ament_install']
[0.173s] Level 1:colcon.colcon_core.package_identification:_identify(build) by extension 'ignore'
[0.173s] Level 1:colcon.colcon_core.package_identification:_identify(build) ignored
[0.173s] Level 1:colcon.colcon_core.package_identification:_identify(install) by extensions ['ignore', 'ignore_ament_install']
[0.173s] Level 1:colcon.colcon_core.package_identification:_identify(install) by extension 'ignore'
[0.173s] Level 1:colcon.colcon_core.package_identification:_identify(install) ignored
[0.173s] Level 1:colcon.colcon_core.package_identification:_identify(log) by extensions ['ignore', 'ignore_ament_install']
[0.174s] Level 1:colcon.colcon_core.package_identification:_identify(log) by extension 'ignore'
[0.174s] Level 1:colcon.colcon_core.package_identification:_identify(log) ignored
[0.174s] Level 1:colcon.colcon_core.package_identification:_identify(src) by extensions ['ignore', 'ignore_ament_install']
[0.174s] Level 1:colcon.colcon_core.package_identification:_identify(src) by extension 'ignore'
[0.174s] Level 1:colcon.colcon_core.package_identification:_identify(src) by extension 'ignore_ament_install'
[0.174s] Level 1:colcon.colcon_core.package_identification:_identify(src) by extensions ['colcon_pkg']
[0.174s] Level 1:colcon.colcon_core.package_identification:_identify(src) by extension 'colcon_pkg'
[0.174s] Level 1:colcon.colcon_core.package_identification:_identify(src) by extensions ['colcon_meta']
[0.174s] Level 1:colcon.colcon_core.package_identification:_identify(src) by extension 'colcon_meta'
[0.174s] Level 1:colcon.colcon_core.package_identification:_identify(src) by extensions ['ros']
[0.174s] Level 1:colcon.colcon_core.package_identification:_identify(src) by extension 'ros'
[0.174s] Level 1:colcon.colcon_core.package_identification:_identify(src) by extensions ['cmake', 'python']
[0.174s] Level 1:colcon.colcon_core.package_identification:_identify(src) by extension 'cmake'
[0.174s] Level 1:colcon.colcon_core.package_identification:_identify(src) by extension 'python'
[0.174s] Level 1:colcon.colcon_core.package_identification:_identify(src) by extensions ['python_setup_py']
[0.174s] Level 1:colcon.colcon_core.package_identification:_identify(src) by extension 'python_setup_py'
[0.174s] Level 1:colcon.colcon_core.package_identification:_identify(src/bumperbot_cpp_examples) by extensions ['ignore', 'ignore_ament_install']
[0.174s] Level 1:colcon.colcon_core.package_identification:_identify(src/bumperbot_cpp_examples) by extension 'ignore'
[0.174s] Level 1:colcon.colcon_core.package_identification:_identify(src/bumperbot_cpp_examples) by extension 'ignore_ament_install'
[0.175s] Level 1:colcon.colcon_core.package_identification:_identify(src/bumperbot_cpp_examples) by extensions ['colcon_pkg']
[0.175s] Level 1:colcon.colcon_core.package_identification:_identify(src/bumperbot_cpp_examples) by extension 'colcon_pkg'
[0.175s] Level 1:colcon.colcon_core.package_identification:_identify(src/bumperbot_cpp_examples) by extensions ['colcon_meta']
[0.175s] Level 1:colcon.colcon_core.package_identification:_identify(src/bumperbot_cpp_examples) by extension 'colcon_meta'
[0.175s] Level 1:colcon.colcon_core.package_identification:_identify(src/bumperbot_cpp_examples) by extensions ['ros']
[0.175s] Level 1:colcon.colcon_core.package_identification:_identify(src/bumperbot_cpp_examples) by extension 'ros'
[0.177s] DEBUG:colcon.colcon_core.package_identification:Package 'src/bumperbot_cpp_examples' with type 'ros.ament_cmake' and name 'bumperbot_cpp_examples'
[0.177s] Level 1:colcon.colcon_core.package_identification:_identify(src/bumperbot_description) by extensions ['ignore', 'ignore_ament_install']
[0.177s] Level 1:colcon.colcon_core.package_identification:_identify(src/bumperbot_description) by extension 'ignore'
[0.177s] Level 1:colcon.colcon_core.package_identification:_identify(src/bumperbot_description) by extension 'ignore_ament_install'
[0.177s] Level 1:colcon.colcon_core.package_identification:_identify(src/bumperbot_description) by extensions ['colcon_pkg']
[0.177s] Level 1:colcon.colcon_core.package_identification:_identify(src/bumperbot_description) by extension 'colcon_pkg'
[0.177s] Level 1:colcon.colcon_core.package_identification:_identify(src/bumperbot_description) by extensions ['colcon_meta']
[0.177s] Level 1:colcon.colcon_core.package_identification:_identify(src/bumperbot_description) by extension 'colcon_meta'
[0.177s] Level 1:colcon.colcon_core.package_identification:_identify(src/bumperbot_description) by extensions ['ros']
[0.177s] Level 1:colcon.colcon_core.package_identification:_identify(src/bumperbot_description) by extension 'ros'
[0.178s] DEBUG:colcon.colcon_core.package_identification:Package 'src/bumperbot_description' with type 'ros.ament_cmake' and name 'bumperbot_description'
[0.178s] Level 1:colcon.colcon_core.package_identification:_identify(src/bumperbot_py_examples) by extensions ['ignore', 'ignore_ament_install']
[0.178s] Level 1:colcon.colcon_core.package_identification:_identify(src/bumperbot_py_examples) by extension 'ignore'
[0.178s] Level 1:colcon.colcon_core.package_identification:_identify(src/bumperbot_py_examples) by extension 'ignore_ament_install'
[0.178s] Level 1:colcon.colcon_core.package_identification:_identify(src/bumperbot_py_examples) by extensions ['colcon_pkg']
[0.178s] Level 1:colcon.colcon_core.package_identification:_identify(src/bumperbot_py_examples) by extension 'colcon_pkg'
[0.178s] Level 1:colcon.colcon_core.package_identification:_identify(src/bumperbot_py_examples) by extensions ['colcon_meta']
[0.178s] Level 1:colcon.colcon_core.package_identification:_identify(src/bumperbot_py_examples) by extension 'colcon_meta'
[0.178s] Level 1:colcon.colcon_core.package_identification:_identify(src/bumperbot_py_examples) by extensions ['ros']
[0.178s] Level 1:colcon.colcon_core.package_identification:_identify(src/bumperbot_py_examples) by extension 'ros'
[0.179s] DEBUG:colcon.colcon_core.package_identification:Package 'src/bumperbot_py_examples' with type 'ros.ament_python' and name 'bumperbot_py_examples'
[0.179s] Level 1:colcon.colcon_core.package_discovery:discover_packages(recursive) using defaults
[0.179s] Level 1:colcon.colcon_core.package_discovery:discover_packages(ignore) discover
[0.179s] Level 1:colcon.colcon_core.package_discovery:discover_packages(ignore) using defaults
[0.179s] Level 1:colcon.colcon_core.package_discovery:discover_packages(path) discover
[0.179s] Level 1:colcon.colcon_core.package_discovery:discover_packages(path) using defaults
[0.197s] Level 1:colcon.colcon_core.package_discovery:discover_packages(prefix_path) check parameters
[0.197s] Level 1:colcon.colcon_core.package_discovery:discover_packages(prefix_path) discover
[0.200s] DEBUG:colcon.colcon_installed_package_information.package_discovery:Found 381 installed packages in /opt/ros/jazzy
[0.202s] Level 1:colcon.colcon_core.package_discovery:discover_packages(prefix_path) using defaults
[0.252s] Level 5:colcon.colcon_core.verb:set package 'bumperbot_cpp_examples' build argument 'cmake_args' from command line to 'None'
[0.252s] Level 5:colcon.colcon_core.verb:set package 'bumperbot_cpp_examples' build argument 'cmake_target' from command line to 'None'
[0.252s] Level 5:colcon.colcon_core.verb:set package 'bumperbot_cpp_examples' build argument 'cmake_target_skip_unavailable' from command line to 'False'
[0.252s] Level 5:colcon.colcon_core.verb:set package 'bumperbot_cpp_examples' build argument 'cmake_clean_cache' from command line to 'False'
[0.252s] Level 5:colcon.colcon_core.verb:set package 'bumperbot_cpp_examples' build argument 'cmake_clean_first' from command line to 'False'
[0.252s] Level 5:colcon.colcon_core.verb:set package 'bumperbot_cpp_examples' build argument 'cmake_force_configure' from command line to 'False'
[0.252s] Level 5:colcon.colcon_core.verb:set package 'bumperbot_cpp_examples' build argument 'ament_cmake_args' from command line to 'None'
[0.252s] Level 5:colcon.colcon_core.verb:set package 'bumperbot_cpp_examples' build argument 'catkin_cmake_args' from command line to 'None'
[0.252s] Level 5:colcon.colcon_core.verb:set package 'bumperbot_cpp_examples' build argument 'catkin_skip_building_tests' from command line to 'False'
[0.252s] DEBUG:colcon.colcon_core.verb:Building package 'bumperbot_cpp_examples' with the following arguments: {'ament_cmake_args': None, 'build_base': '/home/admin/bumperbot_ws/build/bumperbot_cpp_examples', 'catkin_cmake_args': None, 'catkin_skip_building_tests': False, 'cmake_args': None, 'cmake_clean_cache': False, 'cmake_clean_first': False, 'cmake_force_configure': False, 'cmake_target': None, 'cmake_target_skip_unavailable': False, 'install_base': '/home/admin/bumperbot_ws/install/bumperbot_cpp_examples', 'merge_install': False, 'path': '/home/admin/bumperbot_ws/src/bumperbot_cpp_examples', 'symlink_install': False, 'test_result_base': None}
[0.252s] Level 5:colcon.colcon_core.verb:set package 'bumperbot_description' build argument 'cmake_args' from command line to 'None'
[0.252s] Level 5:colcon.colcon_core.verb:set package 'bumperbot_description' build argument 'cmake_target' from command line to 'None'
[0.252s] Level 5:colcon.colcon_core.verb:set package 'bumperbot_description' build argument 'cmake_target_skip_unavailable' from command line to 'False'
[0.252s] Level 5:colcon.colcon_core.verb:set package 'bumperbot_description' build argument 'cmake_clean_cache' from command line to 'False'
[0.253s] Level 5:colcon.colcon_core.verb:set package 'bumperbot_description' build argument 'cmake_clean_first' from command line to 'False'
[0.253s] Level 5:colcon.colcon_core.verb:set package 'bumperbot_description' build argument 'cmake_force_configure' from command line to 'False'
[0.253s] Level 5:colcon.colcon_core.verb:set package 'bumperbot_description' build argument 'ament_cmake_args' from command line to 'None'
[0.253s] Level 5:colcon.colcon_core.verb:set package 'bumperbot_description' build argument 'catkin_cmake_args' from command line to 'None'
[0.253s] Level 5:colcon.colcon_core.verb:set package 'bumperbot_description' build argument 'catkin_skip_building_tests' from command line to 'False'
[0.253s] DEBUG:colcon.colcon_core.verb:Building package 'bumperbot_description' with the following arguments: {'ament_cmake_args': None, 'build_base': '/home/admin/bumperbot_ws/build/bumperbot_description', 'catkin_cmake_args': None, 'catkin_skip_building_tests': False, 'cmake_args': None, 'cmake_clean_cache': False, 'cmake_clean_first': False, 'cmake_force_configure': False, 'cmake_target': None, 'cmake_target_skip_unavailable': False, 'install_base': '/home/admin/bumperbot_ws/install/bumperbot_description', 'merge_install': False, 'path': '/home/admin/bumperbot_ws/src/bumperbot_description', 'symlink_install': False, 'test_result_base': None}
[0.253s] Level 5:colcon.colcon_core.verb:set package 'bumperbot_py_examples' build argument 'cmake_args' from command line to 'None'
[0.253s] Level 5:colcon.colcon_core.verb:set package 'bumperbot_py_examples' build argument 'cmake_target' from command line to 'None'
[0.253s] Level 5:colcon.colcon_core.verb:set package 'bumperbot_py_examples' build argument 'cmake_target_skip_unavailable' from command line to 'False'
[0.253s] Level 5:colcon.colcon_core.verb:set package 'bumperbot_py_examples' build argument 'cmake_clean_cache' from command line to 'False'
[0.253s] Level 5:colcon.colcon_core.verb:set package 'bumperbot_py_examples' build argument 'cmake_clean_first' from command line to 'False'
[0.253s] Level 5:colcon.colcon_core.verb:set package 'bumperbot_py_examples' build argument 'cmake_force_configure' from command line to 'False'
[0.253s] Level 5:colcon.colcon_core.verb:set package 'bumperbot_py_examples' build argument 'ament_cmake_args' from command line to 'None'
[0.253s] Level 5:colcon.colcon_core.verb:set package 'bumperbot_py_examples' build argument 'catkin_cmake_args' from command line to 'None'
[0.253s] Level 5:colcon.colcon_core.verb:set package 'bumperbot_py_examples' build argument 'catkin_skip_building_tests' from command line to 'False'
[0.253s] DEBUG:colcon.colcon_core.verb:Building package 'bumperbot_py_examples' with the following arguments: {'ament_cmake_args': None, 'build_base': '/home/admin/bumperbot_ws/build/bumperbot_py_examples', 'catkin_cmake_args': None, 'catkin_skip_building_tests': False, 'cmake_args': None, 'cmake_clean_cache': False, 'cmake_clean_first': False, 'cmake_force_configure': False, 'cmake_target': None, 'cmake_target_skip_unavailable': False, 'install_base': '/home/admin/bumperbot_ws/install/bumperbot_py_examples', 'merge_install': False, 'path': '/home/admin/bumperbot_ws/src/bumperbot_py_examples', 'symlink_install': False, 'test_result_base': None}
[0.253s] INFO:colcon.colcon_core.executor:Executing jobs using 'parallel' executor
[0.254s] DEBUG:colcon.colcon_parallel_executor.executor.parallel:run_until_complete
[0.254s] INFO:colcon.colcon_ros.task.ament_cmake.build:Building ROS package in '/home/admin/bumperbot_ws/src/bumperbot_cpp_examples' with build type 'ament_cmake'
[0.254s] INFO:colcon.colcon_cmake.task.cmake.build:Building CMake package in '/home/admin/bumperbot_ws/src/bumperbot_cpp_examples'
[0.256s] INFO:colcon.colcon_core.plugin_system:Skipping extension 'colcon_core.shell.bat': Not used on non-Windows systems
[0.256s] INFO:colcon.colcon_core.shell:Skip shell extension 'powershell' for command environment: Not usable outside of PowerShell
[0.256s] DEBUG:colcon.colcon_core.shell:Skip shell extension 'dsv' for command environment
[0.261s] INFO:colcon.colcon_ros.task.ament_cmake.build:Building ROS package in '/home/admin/bumperbot_ws/src/bumperbot_description' with build type 'ament_cmake'
[0.262s] INFO:colcon.colcon_cmake.task.cmake.build:Building CMake package in '/home/admin/bumperbot_ws/src/bumperbot_description'
[0.262s] INFO:colcon.colcon_core.shell:Skip shell extension 'powershell' for command environment: Not usable outside of PowerShell
[0.262s] DEBUG:colcon.colcon_core.shell:Skip shell extension 'dsv' for command environment
[0.266s] INFO:colcon.colcon_ros.task.ament_python.build:Building ROS package in '/home/admin/bumperbot_ws/src/bumperbot_py_examples' with build type 'ament_python'
[0.266s] Level 1:colcon.colcon_core.shell:create_environment_hook('bumperbot_py_examples', 'ament_prefix_path')
[0.266s] INFO:colcon.colcon_core.shell:Creating environment hook '/home/admin/bumperbot_ws/install/bumperbot_py_examples/share/bumperbot_py_examples/hook/ament_prefix_path.ps1'
[0.268s] INFO:colcon.colcon_core.shell:Creating environment descriptor '/home/admin/bumperbot_ws/install/bumperbot_py_examples/share/bumperbot_py_examples/hook/ament_prefix_path.dsv'
[0.268s] INFO:colcon.colcon_core.shell:Creating environment hook '/home/admin/bumperbot_ws/install/bumperbot_py_examples/share/bumperbot_py_examples/hook/ament_prefix_path.sh'
[0.269s] INFO:colcon.colcon_core.shell:Skip shell extension 'powershell' for command environment: Not usable outside of PowerShell
[0.269s] DEBUG:colcon.colcon_core.shell:Skip shell extension 'dsv' for command environment
[0.276s] DEBUG:colcon.colcon_core.event_handler.log_command:Invoking command in '/home/admin/bumperbot_ws/build/bumperbot_cpp_examples': CMAKE_PREFIX_PATH=${CMAKE_PREFIX_PATH}:/opt/ros/jazzy DEBUGINFOD_URLS=https://debuginfod.ubuntu.com /usr/bin/cmake --build /home/admin/bumperbot_ws/build/bumperbot_cpp_examples -- -j4 -l4
[0.279s] DEBUG:colcon.colcon_core.event_handler.log_command:Invoking command in '/home/admin/bumperbot_ws/build/bumperbot_description': CMAKE_PREFIX_PATH=${CMAKE_PREFIX_PATH}:/opt/ros/jazzy DEBUGINFOD_URLS=https://debuginfod.ubuntu.com /usr/bin/cmake --build /home/admin/bumperbot_ws/build/bumperbot_description -- -j4 -l4
[0.496s] INFO:colcon.colcon_core.task.python.build:Building Python package in '/home/admin/bumperbot_ws/src/bumperbot_py_examples'
[0.496s] INFO:colcon.colcon_core.shell:Skip shell extension 'powershell' for command environment: Not usable outside of PowerShell
[0.496s] DEBUG:colcon.colcon_core.shell:Skip shell extension 'dsv' for command environment
[0.501s] DEBUG:colcon.colcon_core.event_handler.log_command:Invoked command in '/home/admin/bumperbot_ws/build/bumperbot_description' returned '0': CMAKE_PREFIX_PATH=${CMAKE_PREFIX_PATH}:/opt/ros/jazzy DEBUGINFOD_URLS=https://debuginfod.ubuntu.com /usr/bin/cmake --build /home/admin/bumperbot_ws/build/bumperbot_description -- -j4 -l4
[0.516s] DEBUG:colcon.colcon_core.event_handler.log_command:Invoking command in '/home/admin/bumperbot_ws/build/bumperbot_description': CMAKE_PREFIX_PATH=${CMAKE_PREFIX_PATH}:/opt/ros/jazzy DEBUGINFOD_URLS=https://debuginfod.ubuntu.com /usr/bin/cmake --install /home/admin/bumperbot_ws/build/bumperbot_description
[0.518s] DEBUG:colcon.colcon_core.event_handler.log_command:Invoked command in '/home/admin/bumperbot_ws/build/bumperbot_cpp_examples' returned '0': CMAKE_PREFIX_PATH=${CMAKE_PREFIX_PATH}:/opt/ros/jazzy DEBUGINFOD_URLS=https://debuginfod.ubuntu.com /usr/bin/cmake --build /home/admin/bumperbot_ws/build/bumperbot_cpp_examples -- -j4 -l4
[0.518s] DEBUG:colcon.colcon_core.event_handler.log_command:Invoking command in '/home/admin/bumperbot_ws/build/bumperbot_cpp_examples': CMAKE_PREFIX_PATH=${CMAKE_PREFIX_PATH}:/opt/ros/jazzy DEBUGINFOD_URLS=https://debuginfod.ubuntu.com /usr/bin/cmake --install /home/admin/bumperbot_ws/build/bumperbot_cpp_examples
[0.532s] Level 1:colcon.colcon_core.environment:create_environment_scripts_only(bumperbot_description)
[0.534s] DEBUG:colcon.colcon_core.event_handler.log_command:Invoked command in '/home/admin/bumperbot_ws/build/bumperbot_description' returned '0': CMAKE_PREFIX_PATH=${CMAKE_PREFIX_PATH}:/opt/ros/jazzy DEBUGINFOD_URLS=https://debuginfod.ubuntu.com /usr/bin/cmake --install /home/admin/bumperbot_ws/build/bumperbot_description
[0.538s] Level 1:colcon.colcon_core.environment:checking '/home/admin/bumperbot_ws/install/bumperbot_description' for CMake module files
[0.538s] Level 1:colcon.colcon_core.environment:checking '/home/admin/bumperbot_ws/install/bumperbot_description' for CMake config files
[0.538s] Level 1:colcon.colcon_core.shell:create_environment_hook('bumperbot_description', 'cmake_prefix_path')
[0.539s] INFO:colcon.colcon_core.shell:Creating environment hook '/home/admin/bumperbot_ws/install/bumperbot_description/share/bumperbot_description/hook/cmake_prefix_path.ps1'
[0.539s] INFO:colcon.colcon_core.shell:Creating environment descriptor '/home/admin/bumperbot_ws/install/bumperbot_description/share/bumperbot_description/hook/cmake_prefix_path.dsv'
[0.539s] INFO:colcon.colcon_core.shell:Creating environment hook '/home/admin/bumperbot_ws/install/bumperbot_description/share/bumperbot_description/hook/cmake_prefix_path.sh'
[0.540s] Level 1:colcon.colcon_core.environment:checking '/home/admin/bumperbot_ws/install/bumperbot_description/bin'
[0.540s] Level 1:colcon.colcon_core.environment:checking '/home/admin/bumperbot_ws/install/bumperbot_description/lib/pkgconfig/bumperbot_description.pc'
[0.540s] Level 1:colcon.colcon_core.environment:checking '/home/admin/bumperbot_ws/install/bumperbot_description/lib/python3.12/site-packages'
[0.540s] Level 1:colcon.colcon_core.environment:checking '/home/admin/bumperbot_ws/install/bumperbot_description/bin'
[0.541s] INFO:colcon.colcon_core.shell:Creating package script '/home/admin/bumperbot_ws/install/bumperbot_description/share/bumperbot_description/package.ps1'
[0.541s] INFO:colcon.colcon_core.shell:Creating package descriptor '/home/admin/bumperbot_ws/install/bumperbot_description/share/bumperbot_description/package.dsv'
[0.542s] INFO:colcon.colcon_core.shell:Creating package script '/home/admin/bumperbot_ws/install/bumperbot_description/share/bumperbot_description/package.sh'
[0.542s] INFO:colcon.colcon_core.shell:Creating package script '/home/admin/bumperbot_ws/install/bumperbot_description/share/bumperbot_description/package.bash'
[0.543s] INFO:colcon.colcon_core.shell:Creating package script '/home/admin/bumperbot_ws/install/bumperbot_description/share/bumperbot_description/package.zsh'
[0.544s] Level 1:colcon.colcon_core.environment:create_file_with_runtime_dependencies(/home/admin/bumperbot_ws/install/bumperbot_description/share/colcon-core/packages/bumperbot_description)
[0.544s] Level 1:colcon.colcon_core.environment:create_environment_scripts_only(bumperbot_description)
[0.544s] Level 1:colcon.colcon_core.environment:checking '/home/admin/bumperbot_ws/install/bumperbot_description' for CMake module files
[0.545s] Level 1:colcon.colcon_core.environment:checking '/home/admin/bumperbot_ws/install/bumperbot_description' for CMake config files
[0.545s] Level 1:colcon.colcon_core.shell:create_environment_hook('bumperbot_description', 'cmake_prefix_path')
[0.545s] INFO:colcon.colcon_core.shell:Creating environment hook '/home/admin/bumperbot_ws/install/bumperbot_description/share/bumperbot_description/hook/cmake_prefix_path.ps1'
[0.548s] INFO:colcon.colcon_core.shell:Creating environment descriptor '/home/admin/bumperbot_ws/install/bumperbot_description/share/bumperbot_description/hook/cmake_prefix_path.dsv'
[0.548s] INFO:colcon.colcon_core.shell:Creating environment hook '/home/admin/bumperbot_ws/install/bumperbot_description/share/bumperbot_description/hook/cmake_prefix_path.sh'
[0.549s] Level 1:colcon.colcon_core.environment:checking '/home/admin/bumperbot_ws/install/bumperbot_description/bin'
[0.549s] Level 1:colcon.colcon_core.environment:checking '/home/admin/bumperbot_ws/install/bumperbot_description/lib/pkgconfig/bumperbot_description.pc'
[0.549s] Level 1:colcon.colcon_core.environment:checking '/home/admin/bumperbot_ws/install/bumperbot_description/lib/python3.12/site-packages'
[0.549s] Level 1:colcon.colcon_core.environment:checking '/home/admin/bumperbot_ws/install/bumperbot_description/bin'
[0.549s] INFO:colcon.colcon_core.shell:Creating package script '/home/admin/bumperbot_ws/install/bumperbot_description/share/bumperbot_description/package.ps1'
[0.550s] INFO:colcon.colcon_core.shell:Creating package descriptor '/home/admin/bumperbot_ws/install/bumperbot_description/share/bumperbot_description/package.dsv'
[0.550s] INFO:colcon.colcon_core.shell:Creating package script '/home/admin/bumperbot_ws/install/bumperbot_description/share/bumperbot_description/package.sh'
[0.550s] INFO:colcon.colcon_core.shell:Creating package script '/home/admin/bumperbot_ws/install/bumperbot_description/share/bumperbot_description/package.bash'
[0.551s] INFO:colcon.colcon_core.shell:Creating package script '/home/admin/bumperbot_ws/install/bumperbot_description/share/bumperbot_description/package.zsh'
[0.552s] Level 1:colcon.colcon_core.environment:create_file_with_runtime_dependencies(/home/admin/bumperbot_ws/install/bumperbot_description/share/colcon-core/packages/bumperbot_description)
[0.553s] Level 1:colcon.colcon_core.environment:create_environment_scripts_only(bumperbot_cpp_examples)
[0.553s] Level 1:colcon.colcon_core.environment:checking '/home/admin/bumperbot_ws/install/bumperbot_cpp_examples' for CMake module files
[0.553s] Level 1:colcon.colcon_core.environment:checking '/home/admin/bumperbot_ws/install/bumperbot_cpp_examples' for CMake config files
[0.554s] Level 1:colcon.colcon_core.shell:create_environment_hook('bumperbot_cpp_examples', 'cmake_prefix_path')
[0.554s] INFO:colcon.colcon_core.shell:Creating environment hook '/home/admin/bumperbot_ws/install/bumperbot_cpp_examples/share/bumperbot_cpp_examples/hook/cmake_prefix_path.ps1'
[0.554s] INFO:colcon.colcon_core.shell:Creating environment descriptor '/home/admin/bumperbot_ws/install/bumperbot_cpp_examples/share/bumperbot_cpp_examples/hook/cmake_prefix_path.dsv'
[0.554s] INFO:colcon.colcon_core.shell:Creating environment hook '/home/admin/bumperbot_ws/install/bumperbot_cpp_examples/share/bumperbot_cpp_examples/hook/cmake_prefix_path.sh'
[0.555s] Level 1:colcon.colcon_core.environment:checking '/home/admin/bumperbot_ws/install/bumperbot_cpp_examples/lib'
[0.555s] Level 1:colcon.colcon_core.environment:checking '/home/admin/bumperbot_ws/install/bumperbot_cpp_examples/bin'
[0.555s] Level 1:colcon.colcon_core.environment:checking '/home/admin/bumperbot_ws/install/bumperbot_cpp_examples/lib/pkgconfig/bumperbot_cpp_examples.pc'
[0.555s] Level 1:colcon.colcon_core.environment:checking '/home/admin/bumperbot_ws/install/bumperbot_cpp_examples/lib/python3.12/site-packages'
[0.556s] Level 1:colcon.colcon_core.environment:checking '/home/admin/bumperbot_ws/install/bumperbot_cpp_examples/bin'
[0.556s] INFO:colcon.colcon_core.shell:Creating package script '/home/admin/bumperbot_ws/install/bumperbot_cpp_examples/share/bumperbot_cpp_examples/package.ps1'
[0.556s] DEBUG:colcon.colcon_core.event_handler.log_command:Invoked command in '/home/admin/bumperbot_ws/build/bumperbot_cpp_examples' returned '0': CMAKE_PREFIX_PATH=${CMAKE_PREFIX_PATH}:/opt/ros/jazzy DEBUGINFOD_URLS=https://debuginfod.ubuntu.com /usr/bin/cmake --install /home/admin/bumperbot_ws/build/bumperbot_cpp_examples
[0.556s] INFO:colcon.colcon_core.shell:Creating package descriptor '/home/admin/bumperbot_ws/install/bumperbot_cpp_examples/share/bumperbot_cpp_examples/package.dsv'
[0.557s] INFO:colcon.colcon_core.shell:Creating package script '/home/admin/bumperbot_ws/install/bumperbot_cpp_examples/share/bumperbot_cpp_examples/package.sh'
[0.557s] INFO:colcon.colcon_core.shell:Creating package script '/home/admin/bumperbot_ws/install/bumperbot_cpp_examples/share/bumperbot_cpp_examples/package.bash'
[0.558s] INFO:colcon.colcon_core.shell:Creating package script '/home/admin/bumperbot_ws/install/bumperbot_cpp_examples/share/bumperbot_cpp_examples/package.zsh'
[0.558s] Level 1:colcon.colcon_core.environment:create_file_with_runtime_dependencies(/home/admin/bumperbot_ws/install/bumperbot_cpp_examples/share/colcon-core/packages/bumperbot_cpp_examples)
[0.559s] Level 1:colcon.colcon_core.environment:create_environment_scripts_only(bumperbot_cpp_examples)
[0.559s] Level 1:colcon.colcon_core.environment:checking '/home/admin/bumperbot_ws/install/bumperbot_cpp_examples' for CMake module files
[0.559s] Level 1:colcon.colcon_core.environment:checking '/home/admin/bumperbot_ws/install/bumperbot_cpp_examples' for CMake config files
[0.559s] Level 1:colcon.colcon_core.shell:create_environment_hook('bumperbot_cpp_examples', 'cmake_prefix_path')
[0.559s] INFO:colcon.colcon_core.shell:Creating environment hook '/home/admin/bumperbot_ws/install/bumperbot_cpp_examples/share/bumperbot_cpp_examples/hook/cmake_prefix_path.ps1'
[0.560s] INFO:colcon.colcon_core.shell:Creating environment descriptor '/home/admin/bumperbot_ws/install/bumperbot_cpp_examples/share/bumperbot_cpp_examples/hook/cmake_prefix_path.dsv'
[0.560s] INFO:colcon.colcon_core.shell:Creating environment hook '/home/admin/bumperbot_ws/install/bumperbot_cpp_examples/share/bumperbot_cpp_examples/hook/cmake_prefix_path.sh'
[0.561s] Level 1:colcon.colcon_core.environment:checking '/home/admin/bumperbot_ws/install/bumperbot_cpp_examples/lib'
[0.561s] Level 1:colcon.colcon_core.environment:checking '/home/admin/bumperbot_ws/install/bumperbot_cpp_examples/bin'
[0.561s] Level 1:colcon.colcon_core.environment:checking '/home/admin/bumperbot_ws/install/bumperbot_cpp_examples/lib/pkgconfig/bumperbot_cpp_examples.pc'
[0.561s] Level 1:colcon.colcon_core.environment:checking '/home/admin/bumperbot_ws/install/bumperbot_cpp_examples/lib/python3.12/site-packages'
[0.561s] Level 1:colcon.colcon_core.environment:checking '/home/admin/bumperbot_ws/install/bumperbot_cpp_examples/bin'
[0.561s] INFO:colcon.colcon_core.shell:Creating package script '/home/admin/bumperbot_ws/install/bumperbot_cpp_examples/share/bumperbot_cpp_examples/package.ps1'
[0.562s] INFO:colcon.colcon_core.shell:Creating package descriptor '/home/admin/bumperbot_ws/install/bumperbot_cpp_examples/share/bumperbot_cpp_examples/package.dsv'
[0.562s] INFO:colcon.colcon_core.shell:Creating package script '/home/admin/bumperbot_ws/install/bumperbot_cpp_examples/share/bumperbot_cpp_examples/package.sh'
[0.563s] INFO:colcon.colcon_core.shell:Creating package script '/home/admin/bumperbot_ws/install/bumperbot_cpp_examples/share/bumperbot_cpp_examples/package.bash'
[0.563s] INFO:colcon.colcon_core.shell:Creating package script '/home/admin/bumperbot_ws/install/bumperbot_cpp_examples/share/bumperbot_cpp_examples/package.zsh'
[0.563s] Level 1:colcon.colcon_core.environment:create_file_with_runtime_dependencies(/home/admin/bumperbot_ws/install/bumperbot_cpp_examples/share/colcon-core/packages/bumperbot_cpp_examples)
[1.148s] DEBUG:colcon.colcon_core.event_handler.log_command:Invoking command in '/home/admin/bumperbot_ws/src/bumperbot_py_examples': DEBUGINFOD_URLS=https://debuginfod.ubuntu.com PYTHONPATH=/home/admin/bumperbot_ws/build/bumperbot_py_examples/prefix_override:/usr/lib/python3/dist-packages/colcon_core/task/python/colcon_distutils_commands:/home/admin/bumperbot_ws/install/bumperbot_py_examples/lib/python3.12/site-packages:${PYTHONPATH} /usr/bin/python3 -W ignore:setup.py install is deprecated -W ignore:easy_install command is deprecated setup.py egg_info --egg-base ../../build/bumperbot_py_examples build --build-base /home/admin/bumperbot_ws/build/bumperbot_py_examples/build install --record /home/admin/bumperbot_ws/build/bumperbot_py_examples/install.log --single-version-externally-managed install_data
[1.685s] Level 1:colcon.colcon_core.environment:checking '/home/admin/bumperbot_ws/install/bumperbot_py_examples' for CMake module files
[1.686s] DEBUG:colcon.colcon_core.event_handler.log_command:Invoked command in '/home/admin/bumperbot_ws/src/bumperbot_py_examples' returned '0': DEBUGINFOD_URLS=https://debuginfod.ubuntu.com PYTHONPATH=/home/admin/bumperbot_ws/build/bumperbot_py_examples/prefix_override:/usr/lib/python3/dist-packages/colcon_core/task/python/colcon_distutils_commands:/home/admin/bumperbot_ws/install/bumperbot_py_examples/lib/python3.12/site-packages:${PYTHONPATH} /usr/bin/python3 -W ignore:setup.py install is deprecated -W ignore:easy_install command is deprecated setup.py egg_info --egg-base ../../build/bumperbot_py_examples build --build-base /home/admin/bumperbot_ws/build/bumperbot_py_examples/build install --record /home/admin/bumperbot_ws/build/bumperbot_py_examples/install.log --single-version-externally-managed install_data
[1.686s] Level 1:colcon.colcon_core.environment:checking '/home/admin/bumperbot_ws/install/bumperbot_py_examples' for CMake config files
[1.687s] Level 1:colcon.colcon_core.environment:checking '/home/admin/bumperbot_ws/install/bumperbot_py_examples/lib'
[1.687s] Level 1:colcon.colcon_core.environment:checking '/home/admin/bumperbot_ws/install/bumperbot_py_examples/bin'
[1.687s] Level 1:colcon.colcon_core.environment:checking '/home/admin/bumperbot_ws/install/bumperbot_py_examples/lib/pkgconfig/bumperbot_py_examples.pc'
[1.687s] Level 1:colcon.colcon_core.environment:checking '/home/admin/bumperbot_ws/install/bumperbot_py_examples/lib/python3.12/site-packages'
[1.687s] Level 1:colcon.colcon_core.shell:create_environment_hook('bumperbot_py_examples', 'pythonpath')
[1.687s] INFO:colcon.colcon_core.shell:Creating environment hook '/home/admin/bumperbot_ws/install/bumperbot_py_examples/share/bumperbot_py_examples/hook/pythonpath.ps1'
[1.688s] INFO:colcon.colcon_core.shell:Creating environment descriptor '/home/admin/bumperbot_ws/install/bumperbot_py_examples/share/bumperbot_py_examples/hook/pythonpath.dsv'
[1.688s] INFO:colcon.colcon_core.shell:Creating environment hook '/home/admin/bumperbot_ws/install/bumperbot_py_examples/share/bumperbot_py_examples/hook/pythonpath.sh'
[1.689s] Level 1:colcon.colcon_core.environment:checking '/home/admin/bumperbot_ws/install/bumperbot_py_examples/bin'
[1.689s] Level 1:colcon.colcon_core.environment:create_environment_scripts_only(bumperbot_py_examples)
[1.689s] INFO:colcon.colcon_core.shell:Creating package script '/home/admin/bumperbot_ws/install/bumperbot_py_examples/share/bumperbot_py_examples/package.ps1'
[1.689s] INFO:colcon.colcon_core.shell:Creating package descriptor '/home/admin/bumperbot_ws/install/bumperbot_py_examples/share/bumperbot_py_examples/package.dsv'
[1.690s] INFO:colcon.colcon_core.shell:Creating package script '/home/admin/bumperbot_ws/install/bumperbot_py_examples/share/bumperbot_py_examples/package.sh'
[1.690s] INFO:colcon.colcon_core.shell:Creating package script '/home/admin/bumperbot_ws/install/bumperbot_py_examples/share/bumperbot_py_examples/package.bash'
[1.690s] INFO:colcon.colcon_core.shell:Creating package script '/home/admin/bumperbot_ws/install/bumperbot_py_examples/share/bumperbot_py_examples/package.zsh'
[1.691s] Level 1:colcon.colcon_core.environment:create_file_with_runtime_dependencies(/home/admin/bumperbot_ws/install/bumperbot_py_examples/share/colcon-core/packages/bumperbot_py_examples)
[1.691s] DEBUG:colcon.colcon_parallel_executor.executor.parallel:closing loop
[1.692s] DEBUG:colcon.colcon_parallel_executor.executor.parallel:loop closed
[1.692s] DEBUG:colcon.colcon_parallel_executor.executor.parallel:run_until_complete finished with '0'
[1.692s] DEBUG:colcon.colcon_core.event_reactor:joining thread
[1.702s] INFO:colcon.colcon_core.plugin_system:Skipping extension 'colcon_notification.desktop_notification.terminal_notifier': Not used on non-Darwin systems
[1.702s] INFO:colcon.colcon_core.plugin_system:Skipping extension 'colcon_notification.desktop_notification.win32': Not used on non-Windows systems
[1.702s] INFO:colcon.colcon_notification.desktop_notification:Sending desktop notification using 'notify2'
[1.717s] DEBUG:colcon.colcon_core.event_reactor:joined thread
[1.717s] INFO:colcon.colcon_core.shell:Creating prefix script '/home/admin/bumperbot_ws/install/local_setup.ps1'
[1.718s] INFO:colcon.colcon_core.shell:Creating prefix util module '/home/admin/bumperbot_ws/install/_local_setup_util_ps1.py'
[1.719s] INFO:colcon.colcon_core.shell:Creating prefix chain script '/home/admin/bumperbot_ws/install/setup.ps1'
[1.720s] INFO:colcon.colcon_core.shell:Creating prefix script '/home/admin/bumperbot_ws/install/local_setup.sh'
[1.721s] INFO:colcon.colcon_core.shell:Creating prefix util module '/home/admin/bumperbot_ws/install/_local_setup_util_sh.py'
[1.721s] INFO:colcon.colcon_core.shell:Creating prefix chain script '/home/admin/bumperbot_ws/install/setup.sh'
[1.722s] INFO:colcon.colcon_core.shell:Creating prefix script '/home/admin/bumperbot_ws/install/local_setup.bash'
[1.723s] INFO:colcon.colcon_core.shell:Creating prefix chain script '/home/admin/bumperbot_ws/install/setup.bash'
[1.724s] INFO:colcon.colcon_core.shell:Creating prefix script '/home/admin/bumperbot_ws/install/local_setup.zsh'
[1.724s] INFO:colcon.colcon_core.shell:Creating prefix chain script '/home/admin/bumperbot_ws/install/setup.zsh'
