[0.028s] Invoking command in '/home/admin/bumperbot_ws/build/bumperbot_controller': CMAKE_PREFIX_PATH=${CMAKE_PREFIX_PATH}:/opt/ros/jazzy DEBUGINFOD_URLS=https://debuginfod.ubuntu.com /usr/bin/cmake --build /home/admin/bumperbot_ws/build/bumperbot_controller -- -j4 -l4
[0.320s] Invoked command in '/home/admin/bumperbot_ws/build/bumperbot_controller' returned '0': CMAKE_PREFIX_PATH=${CMAKE_PREFIX_PATH}:/opt/ros/jazzy DEBUGINFOD_URLS=https://debuginfod.ubuntu.com /usr/bin/cmake --build /home/admin/bumperbot_ws/build/bumperbot_controller -- -j4 -l4
[0.333s] Invoking command in '/home/admin/bumperbot_ws/build/bumperbot_controller': CMAKE_PREFIX_PATH=${CMAKE_PREFIX_PATH}:/opt/ros/jazzy DEBUGINFOD_URLS=https://debuginfod.ubuntu.com /usr/bin/cmake --install /home/admin/bumperbot_ws/build/bumperbot_controller
[0.355s] -- Install configuration: ""
[0.356s] -- Up-to-date: /home/admin/bumperbot_ws/install/bumperbot_controller/share/bumperbot_controller/launch
[0.357s] -- Up-to-date: /home/admin/bumperbot_ws/install/bumperbot_controller/share/bumperbot_controller/launch/controller.launch.py
[0.357s] -- Up-to-date: /home/admin/bumperbot_ws/install/bumperbot_controller/share/bumperbot_controller/config
[0.360s] -- Up-to-date: /home/admin/bumperbot_ws/install/bumperbot_controller/share/bumperbot_controller/config/bumperbot_controllers.yaml
[0.360s] -- Up-to-date: /home/admin/bumperbot_ws/install/bumperbot_controller/share/ament_index/resource_index/package_run_dependencies/bumperbot_controller
[0.360s] -- Up-to-date: /home/admin/bumperbot_ws/install/bumperbot_controller/share/ament_index/resource_index/parent_prefix_path/bumperbot_controller
[0.361s] -- Up-to-date: /home/admin/bumperbot_ws/install/bumperbot_controller/share/bumperbot_controller/environment/ament_prefix_path.sh
[0.361s] -- Up-to-date: /home/admin/bumperbot_ws/install/bumperbot_controller/share/bumperbot_controller/environment/ament_prefix_path.dsv
[0.361s] -- Up-to-date: /home/admin/bumperbot_ws/install/bumperbot_controller/share/bumperbot_controller/environment/path.sh
[0.361s] -- Up-to-date: /home/admin/bumperbot_ws/install/bumperbot_controller/share/bumperbot_controller/environment/path.dsv
[0.361s] -- Up-to-date: /home/admin/bumperbot_ws/install/bumperbot_controller/share/bumperbot_controller/local_setup.bash
[0.361s] -- Up-to-date: /home/admin/bumperbot_ws/install/bumperbot_controller/share/bumperbot_controller/local_setup.sh
[0.362s] -- Up-to-date: /home/admin/bumperbot_ws/install/bumperbot_controller/share/bumperbot_controller/local_setup.zsh
[0.364s] -- Up-to-date: /home/admin/bumperbot_ws/install/bumperbot_controller/share/bumperbot_controller/local_setup.dsv
[0.364s] -- Installing: /home/admin/bumperbot_ws/install/bumperbot_controller/share/bumperbot_controller/package.dsv
[0.368s] -- Up-to-date: /home/admin/bumperbot_ws/install/bumperbot_controller/share/ament_index/resource_index/packages/bumperbot_controller
[0.368s] -- Up-to-date: /home/admin/bumperbot_ws/install/bumperbot_controller/share/bumperbot_controller/cmake/bumperbot_controllerConfig.cmake
[0.369s] -- Up-to-date: /home/admin/bumperbot_ws/install/bumperbot_controller/share/bumperbot_controller/cmake/bumperbot_controllerConfig-version.cmake
[0.369s] -- Up-to-date: /home/admin/bumperbot_ws/install/bumperbot_controller/share/bumperbot_controller/package.xml
[0.400s] Invoked command in '/home/admin/bumperbot_ws/build/bumperbot_controller' returned '0': CMAKE_PREFIX_PATH=${CMAKE_PREFIX_PATH}:/opt/ros/jazzy DEBUGINFOD_URLS=https://debuginfod.ubuntu.com /usr/bin/cmake --install /home/admin/bumperbot_ws/build/bumperbot_controller
